2022-03-17 08:45:42,754  INFO [main] TestBase:42 - +++++++++++++++++++++++++++++++++++++ Starting test cases execution ++++++++++++++++++++++++++++++++++++++++++++++
2022-03-17 08:45:43,022  INFO [main] TestBase:48 - launching chrome browser
2022-03-17 08:45:43,121 DEBUG [main] InternalLoggerFactory:89 - Using Log4J as the default logging framework
2022-03-17 08:45:43,126 DEBUG [main] ResourceLeakDetector:129 - -Dio.netty.leakDetection.level: simple
2022-03-17 08:45:43,126 DEBUG [main] ResourceLeakDetector:130 - -Dio.netty.leakDetection.targetRecords: 4
2022-03-17 08:45:43,174 DEBUG [main] ResourceLeakDetectorFactory:196 - Loaded default ResourceLeakDetector: io.netty.util.ResourceLeakDetector@22875539
2022-03-17 08:45:43,191 DEBUG [main] PlatformDependent0:460 - -Dio.netty.noUnsafe: false
2022-03-17 08:45:43,191 DEBUG [main] PlatformDependent0:954 - Java version: 8
2022-03-17 08:45:43,192 DEBUG [main] PlatformDependent0:135 - sun.misc.Unsafe.theUnsafe: available
2022-03-17 08:45:43,192 DEBUG [main] PlatformDependent0:159 - sun.misc.Unsafe.copyMemory: available
2022-03-17 08:45:43,193 DEBUG [main] PlatformDependent0:202 - java.nio.Buffer.address: available
2022-03-17 08:45:43,193 DEBUG [main] PlatformDependent0:272 - direct buffer constructor: available
2022-03-17 08:45:43,194 DEBUG [main] PlatformDependent0:350 - java.nio.Bits.unaligned: available, true
2022-03-17 08:45:43,194 DEBUG [main] PlatformDependent0:424 - jdk.internal.misc.Unsafe.allocateUninitializedArray(int): unavailable prior to Java9
2022-03-17 08:45:43,194 DEBUG [main] PlatformDependent0:446 - java.nio.DirectByteBuffer.<init>(long, int): available
2022-03-17 08:45:43,194 DEBUG [main] PlatformDependent:1103 - sun.misc.Unsafe: available
2022-03-17 08:45:43,195 DEBUG [main] PlatformDependent:1224 - -Dio.netty.tmpdir: C:\Users\Altamash\AppData\Local\Temp (java.io.tmpdir)
2022-03-17 08:45:43,195 DEBUG [main] PlatformDependent:1303 - -Dio.netty.bitMode: 64 (sun.arch.data.model)
2022-03-17 08:45:43,196 DEBUG [main] PlatformDependent:1063 - Platform: Windows
2022-03-17 08:45:43,196 DEBUG [main] PlatformDependent:178 - -Dio.netty.maxDirectMemory: 1754267648 bytes
2022-03-17 08:45:43,196 DEBUG [main] PlatformDependent:185 - -Dio.netty.uninitializedArrayAllocationThreshold: -1
2022-03-17 08:45:43,197 DEBUG [main] CleanerJava6:92 - java.nio.ByteBuffer.cleaner(): available
2022-03-17 08:45:43,198 DEBUG [main] PlatformDependent:205 - -Dio.netty.noPreferDirect: false
2022-03-17 08:45:43,204 DEBUG [main] PlatformDependent:967 - org.jctools-core.MpscChunkedArrayQueue: available
2022-03-17 08:45:43,223 DEBUG [main] InternalThreadLocalMap:83 - -Dio.netty.threadLocalMap.stringBuilder.initialSize: 1024
2022-03-17 08:45:43,223 DEBUG [main] InternalThreadLocalMap:86 - -Dio.netty.threadLocalMap.stringBuilder.maxSize: 4096
2022-03-17 08:45:43,248 DEBUG [main] JdkSslContext:97 - Default protocols (JDK): [TLSv1.2, TLSv1.1, TLSv1] 
2022-03-17 08:45:43,248 DEBUG [main] JdkSslContext:98 - Default cipher suites (JDK): [TLS_ECDHE_ECDSA_WITH_AES_256_GCM_SHA384, TLS_ECDHE_ECDSA_WITH_AES_128_GCM_SHA256, TLS_ECDHE_RSA_WITH_AES_128_GCM_SHA256, TLS_ECDHE_RSA_WITH_AES_256_GCM_SHA384, TLS_ECDHE_RSA_WITH_AES_128_CBC_SHA, TLS_ECDHE_RSA_WITH_AES_256_CBC_SHA, TLS_RSA_WITH_AES_128_GCM_SHA256, TLS_RSA_WITH_AES_128_CBC_SHA, TLS_RSA_WITH_AES_256_CBC_SHA]
2022-03-17 08:45:43,274 DEBUG [main] MultithreadEventLoopGroup:44 - -Dio.netty.eventLoopThreads: 24
2022-03-17 08:45:43,283 DEBUG [main] NioEventLoop:106 - -Dio.netty.noKeySetOptimization: false
2022-03-17 08:45:43,283 DEBUG [main] NioEventLoop:107 - -Dio.netty.selectorAutoRebuildThreshold: 512
2022-03-17 08:45:43,321 DEBUG [main] PooledByteBufAllocator:155 - -Dio.netty.allocator.numHeapArenas: 17
2022-03-17 08:45:43,321 DEBUG [main] PooledByteBufAllocator:156 - -Dio.netty.allocator.numDirectArenas: 17
2022-03-17 08:45:43,321 DEBUG [main] PooledByteBufAllocator:158 - -Dio.netty.allocator.pageSize: 8192
2022-03-17 08:45:43,322 DEBUG [main] PooledByteBufAllocator:163 - -Dio.netty.allocator.maxOrder: 11
2022-03-17 08:45:43,322 DEBUG [main] PooledByteBufAllocator:167 - -Dio.netty.allocator.chunkSize: 16777216
2022-03-17 08:45:43,322 DEBUG [main] PooledByteBufAllocator:168 - -Dio.netty.allocator.smallCacheSize: 256
2022-03-17 08:45:43,322 DEBUG [main] PooledByteBufAllocator:169 - -Dio.netty.allocator.normalCacheSize: 64
2022-03-17 08:45:43,322 DEBUG [main] PooledByteBufAllocator:170 - -Dio.netty.allocator.maxCachedBufferCapacity: 32768
2022-03-17 08:45:43,322 DEBUG [main] PooledByteBufAllocator:171 - -Dio.netty.allocator.cacheTrimInterval: 8192
2022-03-17 08:45:43,322 DEBUG [main] PooledByteBufAllocator:172 - -Dio.netty.allocator.cacheTrimIntervalMillis: 0
2022-03-17 08:45:43,322 DEBUG [main] PooledByteBufAllocator:173 - -Dio.netty.allocator.useCacheForAllThreads: true
2022-03-17 08:45:43,323 DEBUG [main] PooledByteBufAllocator:174 - -Dio.netty.allocator.maxCachedByteBuffersPerChunk: 1023
2022-03-17 08:45:43,331 DEBUG [main] ByteBufUtil:87 - -Dio.netty.allocator.type: pooled
2022-03-17 08:45:43,331 DEBUG [main] ByteBufUtil:96 - -Dio.netty.threadLocalDirectBufferSize: 0
2022-03-17 08:45:43,332 DEBUG [main] ByteBufUtil:99 - -Dio.netty.maxThreadLocalCharBufferSize: 16384
2022-03-17 08:45:44,076 DEBUG [Forwarding newSession on session null to remote] DefaultChannelId:79 - -Dio.netty.processId: 31364 (auto-detected)
2022-03-17 08:45:44,078 DEBUG [Forwarding newSession on session null to remote] NetUtil:135 - -Djava.net.preferIPv4Stack: false
2022-03-17 08:45:44,078 DEBUG [Forwarding newSession on session null to remote] NetUtil:136 - -Djava.net.preferIPv6Addresses: false
2022-03-17 08:45:44,245 DEBUG [Forwarding newSession on session null to remote] NetUtilInitializations:129 - Loopback interface: lo (Software Loopback Interface 1, 127.0.0.1)
2022-03-17 08:45:44,246 DEBUG [Forwarding newSession on session null to remote] NetUtil:187 - Failed to get SOMAXCONN from sysctl and file \proc\sys\net\core\somaxconn. Default: 200
2022-03-17 08:45:44,423 DEBUG [Forwarding newSession on session null to remote] DefaultChannelId:101 - -Dio.netty.machineId: f8:89:d2:ff:fe:6f:d3:63 (auto-detected)
2022-03-17 08:45:44,464 DEBUG [AsyncHttpClient-1-2] AbstractByteBuf:63 - -Dio.netty.buffer.checkAccessible: true
2022-03-17 08:45:44,464 DEBUG [AsyncHttpClient-1-2] AbstractByteBuf:64 - -Dio.netty.buffer.checkBounds: true
2022-03-17 08:45:44,464 DEBUG [AsyncHttpClient-1-2] ResourceLeakDetectorFactory:196 - Loaded default ResourceLeakDetector: io.netty.util.ResourceLeakDetector@599a71e2
2022-03-17 08:45:44,484 DEBUG [AsyncHttpClient-1-2] Recycler:103 - -Dio.netty.recycler.maxCapacityPerThread: 4096
2022-03-17 08:45:44,484 DEBUG [AsyncHttpClient-1-2] Recycler:104 - -Dio.netty.recycler.maxSharedCapacityFactor: 2
2022-03-17 08:45:44,484 DEBUG [AsyncHttpClient-1-2] Recycler:105 - -Dio.netty.recycler.linkCapacity: 16
2022-03-17 08:45:44,484 DEBUG [AsyncHttpClient-1-2] Recycler:106 - -Dio.netty.recycler.ratio: 8
2022-03-17 08:45:44,484 DEBUG [AsyncHttpClient-1-2] Recycler:107 - -Dio.netty.recycler.delayedQueue.ratio: 8
2022-03-17 08:45:45,071 DEBUG [AsyncHttpClient-1-2] Brotli:38 - brotli4j not in the classpath; Brotli support will be unavailable.
2022-03-17 08:45:45,151 DEBUG [main] ThreadLocalRandom:214 - -Dio.netty.initialSeedUniquifier: 0x301519d8935b0f5f
2022-03-17 08:45:50,820  INFO [main] TestBase:56 - entering application URL
2022-03-17 08:45:50,820  WARN [main] TestBase:57 - Hey this is just a warning message
2022-03-17 08:45:50,820 FATAL [main] TestBase:58 - Hey this is just fatal error message
2022-03-17 08:45:50,821 DEBUG [main] TestBase:59 - this is debug message
2022-03-17 08:45:50,841  INFO [main] LoginPageTest:57 - +++++++++++++++++++++++++++++++++++++ Starting test case ++++++++++++++++++++++++++++++++++++++++++++++
2022-03-17 08:45:50,841  INFO [main] LoginPageTest:58 - +++++++++++++++++++++++++++++++++++++ getLoginTestdata ++++++++++++++++++++++++++++++++++++++++++++++
2022-03-17 08:45:50,970  INFO [main] LoginPageTest:62 - +++++++++++++++++++++++++++++++++++++ Ending test case ++++++++++++++++++++++++++++++++++++++++++++++
2022-03-17 08:45:50,970  INFO [main] LoginPageTest:63 - +++++++++++++++++++++++++++++++++++++ getLoginTestdata ++++++++++++++++++++++++++++++++++++++++++++++
2022-03-17 08:46:01,706  INFO [main] LoginPageTest:74 - +++++++++++++++++++++++++++++++++++++ Browser is closed ++++++++++++++++++++++++++++++++++++++++++++++
2022-03-17 08:46:01,708  INFO [main] TestBase:42 - +++++++++++++++++++++++++++++++++++++ Starting test cases execution ++++++++++++++++++++++++++++++++++++++++++++++
2022-03-17 08:46:01,733  INFO [main] TestBase:48 - launching chrome browser
2022-03-17 08:46:04,668  INFO [main] TestBase:56 - entering application URL
2022-03-17 08:46:04,668  WARN [main] TestBase:57 - Hey this is just a warning message
2022-03-17 08:46:04,668 FATAL [main] TestBase:58 - Hey this is just fatal error message
2022-03-17 08:46:04,668 DEBUG [main] TestBase:59 - this is debug message
2022-03-17 08:46:04,669  INFO [main] LoginPageTest:57 - +++++++++++++++++++++++++++++++++++++ Starting test case ++++++++++++++++++++++++++++++++++++++++++++++
2022-03-17 08:46:04,669  INFO [main] LoginPageTest:58 - +++++++++++++++++++++++++++++++++++++ getLoginTestdata ++++++++++++++++++++++++++++++++++++++++++++++
2022-03-17 08:46:04,785  INFO [main] LoginPageTest:62 - +++++++++++++++++++++++++++++++++++++ Ending test case ++++++++++++++++++++++++++++++++++++++++++++++
2022-03-17 08:46:04,785  INFO [main] LoginPageTest:63 - +++++++++++++++++++++++++++++++++++++ getLoginTestdata ++++++++++++++++++++++++++++++++++++++++++++++
2022-03-17 08:46:15,486  INFO [main] LoginPageTest:74 - +++++++++++++++++++++++++++++++++++++ Browser is closed ++++++++++++++++++++++++++++++++++++++++++++++
2022-03-17 08:46:15,488  INFO [main] TestBase:42 - +++++++++++++++++++++++++++++++++++++ Starting test cases execution ++++++++++++++++++++++++++++++++++++++++++++++
2022-03-17 08:46:15,508  INFO [main] TestBase:48 - launching chrome browser
2022-03-17 08:46:18,500  INFO [main] TestBase:56 - entering application URL
2022-03-17 08:46:18,500  WARN [main] TestBase:57 - Hey this is just a warning message
2022-03-17 08:46:18,500 FATAL [main] TestBase:58 - Hey this is just fatal error message
2022-03-17 08:46:18,500 DEBUG [main] TestBase:59 - this is debug message
2022-03-17 08:46:18,501  INFO [main] LoginPageTest:35 - +++++++++++++++++++++++++++++++++++++ Starting test case ++++++++++++++++++++++++++++++++++++++++++++++
2022-03-17 08:46:18,501  INFO [main] LoginPageTest:36 - +++++++++++++++++++++++++++++++++++++ loginPageTitleTest ++++++++++++++++++++++++++++++++++++++++++++++
2022-03-17 08:46:18,505  INFO [main] LoginPageTest:38 - Login Page title is---->Facebook – log in or sign up
2022-03-17 08:46:18,507  INFO [main] LoginPageTest:41 - +++++++++++++++++++++++++++++++++++++ Ending test case ++++++++++++++++++++++++++++++++++++++++++++++
2022-03-17 08:46:18,507  INFO [main] LoginPageTest:42 - +++++++++++++++++++++++++++++++++++++ loginPageTitleTest ++++++++++++++++++++++++++++++++++++++++++++++
2022-03-17 08:46:29,166  INFO [main] LoginPageTest:74 - +++++++++++++++++++++++++++++++++++++ Browser is closed ++++++++++++++++++++++++++++++++++++++++++++++
2022-03-17 12:15:41,007  INFO [main] TestBase:42 - +++++++++++++++++++++++++++++++++++++ Starting test cases execution ++++++++++++++++++++++++++++++++++++++++++++++
2022-03-17 12:15:42,025  INFO [main] TestBase:48 - launching chrome browser
2022-03-17 12:15:42,114 DEBUG [main] InternalLoggerFactory:89 - Using Log4J as the default logging framework
2022-03-17 12:15:42,118 DEBUG [main] ResourceLeakDetector:129 - -Dio.netty.leakDetection.level: simple
2022-03-17 12:15:42,119 DEBUG [main] ResourceLeakDetector:130 - -Dio.netty.leakDetection.targetRecords: 4
2022-03-17 12:15:42,122 DEBUG [main] ResourceLeakDetectorFactory:196 - Loaded default ResourceLeakDetector: io.netty.util.ResourceLeakDetector@3d9f6567
2022-03-17 12:15:42,138 DEBUG [main] PlatformDependent0:460 - -Dio.netty.noUnsafe: false
2022-03-17 12:15:42,138 DEBUG [main] PlatformDependent0:954 - Java version: 8
2022-03-17 12:15:42,139 DEBUG [main] PlatformDependent0:135 - sun.misc.Unsafe.theUnsafe: available
2022-03-17 12:15:42,139 DEBUG [main] PlatformDependent0:159 - sun.misc.Unsafe.copyMemory: available
2022-03-17 12:15:42,140 DEBUG [main] PlatformDependent0:202 - java.nio.Buffer.address: available
2022-03-17 12:15:42,140 DEBUG [main] PlatformDependent0:272 - direct buffer constructor: available
2022-03-17 12:15:42,141 DEBUG [main] PlatformDependent0:350 - java.nio.Bits.unaligned: available, true
2022-03-17 12:15:42,141 DEBUG [main] PlatformDependent0:424 - jdk.internal.misc.Unsafe.allocateUninitializedArray(int): unavailable prior to Java9
2022-03-17 12:15:42,141 DEBUG [main] PlatformDependent0:446 - java.nio.DirectByteBuffer.<init>(long, int): available
2022-03-17 12:15:42,141 DEBUG [main] PlatformDependent:1103 - sun.misc.Unsafe: available
2022-03-17 12:15:42,142 DEBUG [main] PlatformDependent:1224 - -Dio.netty.tmpdir: C:\Users\Altamash\AppData\Local\Temp (java.io.tmpdir)
2022-03-17 12:15:42,142 DEBUG [main] PlatformDependent:1303 - -Dio.netty.bitMode: 64 (sun.arch.data.model)
2022-03-17 12:15:42,142 DEBUG [main] PlatformDependent:1063 - Platform: Windows
2022-03-17 12:15:42,143 DEBUG [main] PlatformDependent:178 - -Dio.netty.maxDirectMemory: 1754267648 bytes
2022-03-17 12:15:42,143 DEBUG [main] PlatformDependent:185 - -Dio.netty.uninitializedArrayAllocationThreshold: -1
2022-03-17 12:15:42,144 DEBUG [main] CleanerJava6:92 - java.nio.ByteBuffer.cleaner(): available
2022-03-17 12:15:42,144 DEBUG [main] PlatformDependent:205 - -Dio.netty.noPreferDirect: false
2022-03-17 12:15:42,151 DEBUG [main] PlatformDependent:967 - org.jctools-core.MpscChunkedArrayQueue: available
2022-03-17 12:15:42,168 DEBUG [main] InternalThreadLocalMap:83 - -Dio.netty.threadLocalMap.stringBuilder.initialSize: 1024
2022-03-17 12:15:42,168 DEBUG [main] InternalThreadLocalMap:86 - -Dio.netty.threadLocalMap.stringBuilder.maxSize: 4096
2022-03-17 12:15:42,178 DEBUG [main] JdkSslContext:97 - Default protocols (JDK): [TLSv1.2, TLSv1.1, TLSv1] 
2022-03-17 12:15:42,179 DEBUG [main] JdkSslContext:98 - Default cipher suites (JDK): [TLS_ECDHE_ECDSA_WITH_AES_256_GCM_SHA384, TLS_ECDHE_ECDSA_WITH_AES_128_GCM_SHA256, TLS_ECDHE_RSA_WITH_AES_128_GCM_SHA256, TLS_ECDHE_RSA_WITH_AES_256_GCM_SHA384, TLS_ECDHE_RSA_WITH_AES_128_CBC_SHA, TLS_ECDHE_RSA_WITH_AES_256_CBC_SHA, TLS_RSA_WITH_AES_128_GCM_SHA256, TLS_RSA_WITH_AES_128_CBC_SHA, TLS_RSA_WITH_AES_256_CBC_SHA]
2022-03-17 12:15:42,202 DEBUG [main] MultithreadEventLoopGroup:44 - -Dio.netty.eventLoopThreads: 24
2022-03-17 12:15:42,210 DEBUG [main] NioEventLoop:106 - -Dio.netty.noKeySetOptimization: false
2022-03-17 12:15:42,210 DEBUG [main] NioEventLoop:107 - -Dio.netty.selectorAutoRebuildThreshold: 512
2022-03-17 12:15:42,245 DEBUG [main] PooledByteBufAllocator:155 - -Dio.netty.allocator.numHeapArenas: 17
2022-03-17 12:15:42,245 DEBUG [main] PooledByteBufAllocator:156 - -Dio.netty.allocator.numDirectArenas: 17
2022-03-17 12:15:42,245 DEBUG [main] PooledByteBufAllocator:158 - -Dio.netty.allocator.pageSize: 8192
2022-03-17 12:15:42,246 DEBUG [main] PooledByteBufAllocator:163 - -Dio.netty.allocator.maxOrder: 11
2022-03-17 12:15:42,246 DEBUG [main] PooledByteBufAllocator:167 - -Dio.netty.allocator.chunkSize: 16777216
2022-03-17 12:15:42,246 DEBUG [main] PooledByteBufAllocator:168 - -Dio.netty.allocator.smallCacheSize: 256
2022-03-17 12:15:42,246 DEBUG [main] PooledByteBufAllocator:169 - -Dio.netty.allocator.normalCacheSize: 64
2022-03-17 12:15:42,246 DEBUG [main] PooledByteBufAllocator:170 - -Dio.netty.allocator.maxCachedBufferCapacity: 32768
2022-03-17 12:15:42,246 DEBUG [main] PooledByteBufAllocator:171 - -Dio.netty.allocator.cacheTrimInterval: 8192
2022-03-17 12:15:42,246 DEBUG [main] PooledByteBufAllocator:172 - -Dio.netty.allocator.cacheTrimIntervalMillis: 0
2022-03-17 12:15:42,246 DEBUG [main] PooledByteBufAllocator:173 - -Dio.netty.allocator.useCacheForAllThreads: true
2022-03-17 12:15:42,246 DEBUG [main] PooledByteBufAllocator:174 - -Dio.netty.allocator.maxCachedByteBuffersPerChunk: 1023
2022-03-17 12:15:42,256 DEBUG [main] ByteBufUtil:87 - -Dio.netty.allocator.type: pooled
2022-03-17 12:15:42,257 DEBUG [main] ByteBufUtil:96 - -Dio.netty.threadLocalDirectBufferSize: 0
2022-03-17 12:15:42,257 DEBUG [main] ByteBufUtil:99 - -Dio.netty.maxThreadLocalCharBufferSize: 16384
2022-03-17 12:15:43,004 DEBUG [Forwarding newSession on session null to remote] DefaultChannelId:79 - -Dio.netty.processId: 5096 (auto-detected)
2022-03-17 12:15:43,006 DEBUG [Forwarding newSession on session null to remote] NetUtil:135 - -Djava.net.preferIPv4Stack: false
2022-03-17 12:15:43,006 DEBUG [Forwarding newSession on session null to remote] NetUtil:136 - -Djava.net.preferIPv6Addresses: false
2022-03-17 12:15:43,173 DEBUG [Forwarding newSession on session null to remote] NetUtilInitializations:129 - Loopback interface: lo (Software Loopback Interface 1, 127.0.0.1)
2022-03-17 12:15:43,174 DEBUG [Forwarding newSession on session null to remote] NetUtil:187 - Failed to get SOMAXCONN from sysctl and file \proc\sys\net\core\somaxconn. Default: 200
2022-03-17 12:15:43,347 DEBUG [Forwarding newSession on session null to remote] DefaultChannelId:101 - -Dio.netty.machineId: f8:89:d2:ff:fe:6f:d3:63 (auto-detected)
2022-03-17 12:15:43,386 DEBUG [AsyncHttpClient-1-2] AbstractByteBuf:63 - -Dio.netty.buffer.checkAccessible: true
2022-03-17 12:15:43,386 DEBUG [AsyncHttpClient-1-2] AbstractByteBuf:64 - -Dio.netty.buffer.checkBounds: true
2022-03-17 12:15:43,386 DEBUG [AsyncHttpClient-1-2] ResourceLeakDetectorFactory:196 - Loaded default ResourceLeakDetector: io.netty.util.ResourceLeakDetector@60874640
2022-03-17 12:15:43,405 DEBUG [AsyncHttpClient-1-2] Recycler:103 - -Dio.netty.recycler.maxCapacityPerThread: 4096
2022-03-17 12:15:43,405 DEBUG [AsyncHttpClient-1-2] Recycler:104 - -Dio.netty.recycler.maxSharedCapacityFactor: 2
2022-03-17 12:15:43,405 DEBUG [AsyncHttpClient-1-2] Recycler:105 - -Dio.netty.recycler.linkCapacity: 16
2022-03-17 12:15:43,405 DEBUG [AsyncHttpClient-1-2] Recycler:106 - -Dio.netty.recycler.ratio: 8
2022-03-17 12:15:43,405 DEBUG [AsyncHttpClient-1-2] Recycler:107 - -Dio.netty.recycler.delayedQueue.ratio: 8
2022-03-17 12:15:44,204 DEBUG [AsyncHttpClient-1-2] Brotli:38 - brotli4j not in the classpath; Brotli support will be unavailable.
2022-03-17 12:15:44,289 DEBUG [main] ThreadLocalRandom:214 - -Dio.netty.initialSeedUniquifier: 0xad869a6f5b69182c
2022-03-17 12:15:46,121  INFO [main] TestBase:56 - entering application URL
2022-03-17 12:15:46,121  WARN [main] TestBase:57 - Hey this is just a warning message
2022-03-17 12:15:46,121 FATAL [main] TestBase:58 - Hey this is just fatal error message
2022-03-17 12:15:46,121 DEBUG [main] TestBase:59 - this is debug message
2022-03-17 12:15:46,137  INFO [main] LoginPageTest:57 - +++++++++++++++++++++++++++++++++++++ Starting test case ++++++++++++++++++++++++++++++++++++++++++++++
2022-03-17 12:15:46,138  INFO [main] LoginPageTest:58 - +++++++++++++++++++++++++++++++++++++ getLoginTestdata ++++++++++++++++++++++++++++++++++++++++++++++
2022-03-17 12:15:46,263  INFO [main] LoginPageTest:62 - +++++++++++++++++++++++++++++++++++++ Ending test case ++++++++++++++++++++++++++++++++++++++++++++++
2022-03-17 12:15:46,263  INFO [main] LoginPageTest:63 - +++++++++++++++++++++++++++++++++++++ getLoginTestdata ++++++++++++++++++++++++++++++++++++++++++++++
2022-03-17 12:15:56,953  INFO [main] LoginPageTest:74 - +++++++++++++++++++++++++++++++++++++ Browser is closed ++++++++++++++++++++++++++++++++++++++++++++++
2022-03-17 12:15:56,953  INFO [main] TestBase:42 - +++++++++++++++++++++++++++++++++++++ Starting test cases execution ++++++++++++++++++++++++++++++++++++++++++++++
2022-03-17 12:15:56,973  INFO [main] TestBase:48 - launching chrome browser
2022-03-17 12:15:59,560  INFO [main] TestBase:56 - entering application URL
2022-03-17 12:15:59,560  WARN [main] TestBase:57 - Hey this is just a warning message
2022-03-17 12:15:59,560 FATAL [main] TestBase:58 - Hey this is just fatal error message
2022-03-17 12:15:59,560 DEBUG [main] TestBase:59 - this is debug message
2022-03-17 12:15:59,561  INFO [main] LoginPageTest:57 - +++++++++++++++++++++++++++++++++++++ Starting test case ++++++++++++++++++++++++++++++++++++++++++++++
2022-03-17 12:15:59,561  INFO [main] LoginPageTest:58 - +++++++++++++++++++++++++++++++++++++ getLoginTestdata ++++++++++++++++++++++++++++++++++++++++++++++
2022-03-17 12:15:59,675  INFO [main] LoginPageTest:62 - +++++++++++++++++++++++++++++++++++++ Ending test case ++++++++++++++++++++++++++++++++++++++++++++++
2022-03-17 12:15:59,676  INFO [main] LoginPageTest:63 - +++++++++++++++++++++++++++++++++++++ getLoginTestdata ++++++++++++++++++++++++++++++++++++++++++++++
2022-03-17 12:16:10,360  INFO [main] LoginPageTest:74 - +++++++++++++++++++++++++++++++++++++ Browser is closed ++++++++++++++++++++++++++++++++++++++++++++++
2022-03-17 12:16:10,362  INFO [main] TestBase:42 - +++++++++++++++++++++++++++++++++++++ Starting test cases execution ++++++++++++++++++++++++++++++++++++++++++++++
2022-03-17 12:16:10,412  INFO [main] TestBase:48 - launching chrome browser
2022-03-17 12:16:12,956  INFO [main] TestBase:56 - entering application URL
2022-03-17 12:16:12,956  WARN [main] TestBase:57 - Hey this is just a warning message
2022-03-17 12:16:12,956 FATAL [main] TestBase:58 - Hey this is just fatal error message
2022-03-17 12:16:12,956 DEBUG [main] TestBase:59 - this is debug message
2022-03-17 12:16:12,957  INFO [main] LoginPageTest:35 - +++++++++++++++++++++++++++++++++++++ Starting test case ++++++++++++++++++++++++++++++++++++++++++++++
2022-03-17 12:16:12,957  INFO [main] LoginPageTest:36 - +++++++++++++++++++++++++++++++++++++ loginPageTitleTest ++++++++++++++++++++++++++++++++++++++++++++++
2022-03-17 12:16:12,961  INFO [main] LoginPageTest:38 - Login Page title is---->Facebook – log in or sign up
2022-03-17 12:16:12,962  INFO [main] LoginPageTest:41 - +++++++++++++++++++++++++++++++++++++ Ending test case ++++++++++++++++++++++++++++++++++++++++++++++
2022-03-17 12:16:12,963  INFO [main] LoginPageTest:42 - +++++++++++++++++++++++++++++++++++++ loginPageTitleTest ++++++++++++++++++++++++++++++++++++++++++++++
2022-03-17 12:16:23,601  INFO [main] LoginPageTest:74 - +++++++++++++++++++++++++++++++++++++ Browser is closed ++++++++++++++++++++++++++++++++++++++++++++++
2022-03-18 08:12:01,329  INFO [main] TestBase:47 - +++++++++++++++++++++++++++++++++++++ Starting test cases execution ++++++++++++++++++++++++++++++++++++++++++++++
2022-03-18 08:12:09,531  INFO [main] TestBase:53 - launching chrome browser
2022-03-18 08:14:03,812  INFO [main] TestBase:47 - +++++++++++++++++++++++++++++++++++++ Starting test cases execution ++++++++++++++++++++++++++++++++++++++++++++++
2022-03-18 08:14:04,134  INFO [main] TestBase:53 - launching chrome browser
2022-03-18 08:34:24,142  INFO [main] TestBase:47 - +++++++++++++++++++++++++++++++++++++ Starting test cases execution ++++++++++++++++++++++++++++++++++++++++++++++
2022-03-18 08:34:24,529  INFO [main] TestBase:53 - launching chrome browser
2022-03-18 08:41:30,520  INFO [main] TestBase:47 - +++++++++++++++++++++++++++++++++++++ Starting test cases execution ++++++++++++++++++++++++++++++++++++++++++++++
2022-03-18 08:41:30,867  INFO [main] TestBase:53 - launching chrome browser
2022-03-18 08:44:47,152  INFO [main] TestBase:48 - +++++++++++++++++++++++++++++++++++++ Starting test cases execution ++++++++++++++++++++++++++++++++++++++++++++++
2022-03-18 08:44:47,417  INFO [main] TestBase:54 - launching chrome browser
2022-03-18 08:47:07,972  INFO [main] TestBase:48 - +++++++++++++++++++++++++++++++++++++ Starting test cases execution ++++++++++++++++++++++++++++++++++++++++++++++
2022-03-18 08:47:08,284  INFO [main] TestBase:54 - launching chrome browser
2022-03-18 08:49:44,160  INFO [main] TestBase:48 - +++++++++++++++++++++++++++++++++++++ Starting test cases execution ++++++++++++++++++++++++++++++++++++++++++++++
2022-03-18 08:49:44,498  INFO [main] TestBase:54 - launching chrome browser
2022-03-18 08:54:48,369  INFO [main] TestBase:48 - +++++++++++++++++++++++++++++++++++++ Starting test cases execution ++++++++++++++++++++++++++++++++++++++++++++++
2022-03-18 08:54:48,781  INFO [main] TestBase:54 - launching chrome browser
2022-03-18 08:55:42,698  INFO [main] TestBase:48 - +++++++++++++++++++++++++++++++++++++ Starting test cases execution ++++++++++++++++++++++++++++++++++++++++++++++
2022-03-18 08:55:43,007  INFO [main] TestBase:54 - launching chrome browser
2022-03-18 09:26:50,872  INFO [main] LoginPageTest:57 - +++++++++++++++++++++++++++++++++++++ Starting test case ++++++++++++++++++++++++++++++++++++++++++++++
2022-03-18 09:26:50,873  INFO [main] LoginPageTest:58 - +++++++++++++++++++++++++++++++++++++ getLoginTestdata ++++++++++++++++++++++++++++++++++++++++++++++
2022-03-18 09:26:51,053  INFO [main] LoginPageTest:62 - +++++++++++++++++++++++++++++++++++++ Ending test case ++++++++++++++++++++++++++++++++++++++++++++++
2022-03-18 09:26:51,053  INFO [main] LoginPageTest:63 - +++++++++++++++++++++++++++++++++++++ getLoginTestdata ++++++++++++++++++++++++++++++++++++++++++++++
2022-03-18 09:27:01,764  INFO [main] LoginPageTest:74 - +++++++++++++++++++++++++++++++++++++ Browser is closed ++++++++++++++++++++++++++++++++++++++++++++++
2022-03-18 09:27:04,293  INFO [main] LoginPageTest:57 - +++++++++++++++++++++++++++++++++++++ Starting test case ++++++++++++++++++++++++++++++++++++++++++++++
2022-03-18 09:27:04,293  INFO [main] LoginPageTest:58 - +++++++++++++++++++++++++++++++++++++ getLoginTestdata ++++++++++++++++++++++++++++++++++++++++++++++
2022-03-18 09:27:04,460  INFO [main] LoginPageTest:62 - +++++++++++++++++++++++++++++++++++++ Ending test case ++++++++++++++++++++++++++++++++++++++++++++++
2022-03-18 09:27:04,460  INFO [main] LoginPageTest:63 - +++++++++++++++++++++++++++++++++++++ getLoginTestdata ++++++++++++++++++++++++++++++++++++++++++++++
2022-03-18 09:27:15,164  INFO [main] LoginPageTest:74 - +++++++++++++++++++++++++++++++++++++ Browser is closed ++++++++++++++++++++++++++++++++++++++++++++++
2022-03-18 09:27:17,711  INFO [main] LoginPageTest:35 - +++++++++++++++++++++++++++++++++++++ Starting test case ++++++++++++++++++++++++++++++++++++++++++++++
2022-03-18 09:27:17,711  INFO [main] LoginPageTest:36 - +++++++++++++++++++++++++++++++++++++ loginPageTitleTest ++++++++++++++++++++++++++++++++++++++++++++++
2022-03-18 09:27:17,713  INFO [main] LoginPageTest:38 - Login Page title is---->Facebook – log in or sign up
2022-03-18 09:27:17,716  INFO [main] LoginPageTest:41 - +++++++++++++++++++++++++++++++++++++ Ending test case ++++++++++++++++++++++++++++++++++++++++++++++
2022-03-18 09:27:17,716  INFO [main] LoginPageTest:42 - +++++++++++++++++++++++++++++++++++++ loginPageTitleTest ++++++++++++++++++++++++++++++++++++++++++++++
2022-03-18 09:27:28,387  INFO [main] LoginPageTest:74 - +++++++++++++++++++++++++++++++++++++ Browser is closed ++++++++++++++++++++++++++++++++++++++++++++++
2022-03-18 09:28:11,802  INFO [main] LoginPageTest:57 - +++++++++++++++++++++++++++++++++++++ Starting test case ++++++++++++++++++++++++++++++++++++++++++++++
2022-03-18 09:28:11,805  INFO [main] LoginPageTest:58 - +++++++++++++++++++++++++++++++++++++ getLoginTestdata ++++++++++++++++++++++++++++++++++++++++++++++
2022-03-18 09:28:11,978  INFO [main] LoginPageTest:62 - +++++++++++++++++++++++++++++++++++++ Ending test case ++++++++++++++++++++++++++++++++++++++++++++++
2022-03-18 09:28:11,978  INFO [main] LoginPageTest:63 - +++++++++++++++++++++++++++++++++++++ getLoginTestdata ++++++++++++++++++++++++++++++++++++++++++++++
2022-03-18 09:28:22,712  INFO [main] LoginPageTest:74 - +++++++++++++++++++++++++++++++++++++ Browser is closed ++++++++++++++++++++++++++++++++++++++++++++++
2022-03-18 09:28:25,320  INFO [main] LoginPageTest:57 - +++++++++++++++++++++++++++++++++++++ Starting test case ++++++++++++++++++++++++++++++++++++++++++++++
2022-03-18 09:28:25,320  INFO [main] LoginPageTest:58 - +++++++++++++++++++++++++++++++++++++ getLoginTestdata ++++++++++++++++++++++++++++++++++++++++++++++
2022-03-18 09:28:25,485  INFO [main] LoginPageTest:62 - +++++++++++++++++++++++++++++++++++++ Ending test case ++++++++++++++++++++++++++++++++++++++++++++++
2022-03-18 09:28:25,486  INFO [main] LoginPageTest:63 - +++++++++++++++++++++++++++++++++++++ getLoginTestdata ++++++++++++++++++++++++++++++++++++++++++++++
2022-03-18 09:28:36,203  INFO [main] LoginPageTest:74 - +++++++++++++++++++++++++++++++++++++ Browser is closed ++++++++++++++++++++++++++++++++++++++++++++++
2022-03-18 09:28:38,729  INFO [main] LoginPageTest:35 - +++++++++++++++++++++++++++++++++++++ Starting test case ++++++++++++++++++++++++++++++++++++++++++++++
2022-03-18 09:28:38,729  INFO [main] LoginPageTest:36 - +++++++++++++++++++++++++++++++++++++ loginPageTitleTest ++++++++++++++++++++++++++++++++++++++++++++++
2022-03-18 09:28:38,733  INFO [main] LoginPageTest:38 - Login Page title is---->Facebook – log in or sign up
2022-03-18 09:28:38,735  INFO [main] LoginPageTest:41 - +++++++++++++++++++++++++++++++++++++ Ending test case ++++++++++++++++++++++++++++++++++++++++++++++
2022-03-18 09:28:38,735  INFO [main] LoginPageTest:42 - +++++++++++++++++++++++++++++++++++++ loginPageTitleTest ++++++++++++++++++++++++++++++++++++++++++++++
2022-03-18 09:28:49,406  INFO [main] LoginPageTest:74 - +++++++++++++++++++++++++++++++++++++ Browser is closed ++++++++++++++++++++++++++++++++++++++++++++++
2022-03-18 09:29:22,438  INFO [main] LoginPageTest:57 - +++++++++++++++++++++++++++++++++++++ Starting test case ++++++++++++++++++++++++++++++++++++++++++++++
2022-03-18 09:29:22,440  INFO [main] LoginPageTest:58 - +++++++++++++++++++++++++++++++++++++ getLoginTestdata ++++++++++++++++++++++++++++++++++++++++++++++
2022-03-18 09:29:53,290  INFO [main] LoginPageTest:74 - +++++++++++++++++++++++++++++++++++++ Browser is closed ++++++++++++++++++++++++++++++++++++++++++++++
2022-03-18 09:29:55,899  INFO [main] LoginPageTest:57 - +++++++++++++++++++++++++++++++++++++ Starting test case ++++++++++++++++++++++++++++++++++++++++++++++
2022-03-18 09:29:55,899  INFO [main] LoginPageTest:58 - +++++++++++++++++++++++++++++++++++++ getLoginTestdata ++++++++++++++++++++++++++++++++++++++++++++++
2022-03-18 09:36:37,796  INFO [main] TestBase:39 - ++++++++++++++++++++++++++++++++++++++++ Starting test case execution +++++++++++++++++++++++++++++++++++++++++++++++++++++++++
2022-03-18 09:36:39,561  INFO [main] TestBase:45 - launching chrome browser
2022-03-18 09:36:41,253  INFO [main] TestBase:58 - entering application URL
2022-03-18 09:36:41,254  WARN [main] TestBase:59 - Hey this is just a warning message
2022-03-18 09:36:41,254 FATAL [main] TestBase:60 - Hey this is just fatal error message
2022-03-18 09:36:41,254 DEBUG [main] TestBase:61 - this is debug message
2022-03-18 09:36:41,270  INFO [main] LoginPageTest:57 - +++++++++++++++++++++++++++++++++++++ Starting test case ++++++++++++++++++++++++++++++++++++++++++++++
2022-03-18 09:36:41,271  INFO [main] LoginPageTest:58 - +++++++++++++++++++++++++++++++++++++ getLoginTestdata ++++++++++++++++++++++++++++++++++++++++++++++
2022-03-19 09:05:19,395  INFO [main] TestBase:40 - ++++++++++++++++++++++++++++++++++++++++ Starting test case execution +++++++++++++++++++++++++++++++++++++++++++++++++++++++++
2022-03-19 09:05:38,076  INFO [main] TestBase:69 - entering application URL
2022-03-19 09:05:38,076  WARN [main] TestBase:70 - Hey this is just a warning message
2022-03-19 09:05:38,077 FATAL [main] TestBase:71 - Hey this is just fatal error message
2022-03-19 09:05:38,077 DEBUG [main] TestBase:72 - this is debug message
2022-03-19 09:12:54,826  INFO [main] TestBase:40 - ++++++++++++++++++++++++++++++++++++++++ Starting test case execution +++++++++++++++++++++++++++++++++++++++++++++++++++++++++
2022-03-19 09:12:58,871  INFO [main] TestBase:69 - entering application URL
2022-03-19 09:12:58,871  WARN [main] TestBase:70 - Hey this is just a warning message
2022-03-19 09:12:58,872 FATAL [main] TestBase:71 - Hey this is just fatal error message
2022-03-19 09:12:58,872 DEBUG [main] TestBase:72 - this is debug message
2022-03-19 09:27:24,566  INFO [main] TestBase:40 - ++++++++++++++++++++++++++++++++++++++++ Starting test case execution +++++++++++++++++++++++++++++++++++++++++++++++++++++++++
2022-03-19 09:27:30,620  INFO [main] TestBase:69 - entering application URL
2022-03-19 09:27:30,621  WARN [main] TestBase:70 - Hey this is just a warning message
2022-03-19 09:27:30,621 FATAL [main] TestBase:71 - Hey this is just fatal error message
2022-03-19 09:27:30,621 DEBUG [main] TestBase:72 - this is debug message
2022-03-20 17:24:45,473  INFO [main] TestBase:40 - ++++++++++++++++++++++++++++++++++++++++ Starting test case execution +++++++++++++++++++++++++++++++++++++++++++++++++++++++++
2022-03-20 17:25:10,885  INFO [main] TestBase:69 - entering application URL
2022-03-20 17:25:10,885  WARN [main] TestBase:70 - Hey this is just a warning message
2022-03-20 17:25:10,885 FATAL [main] TestBase:71 - Hey this is just fatal error message
2022-03-20 17:25:10,885 DEBUG [main] TestBase:72 - this is debug message
2022-03-20 17:25:10,909  INFO [main] LoginPageTest:58 - +++++++++++++++++++++++++++++++++++++ Starting test case ++++++++++++++++++++++++++++++++++++++++++++++
2022-03-20 17:25:10,909  INFO [main] LoginPageTest:59 - +++++++++++++++++++++++++++++++++++++ getLoginTestdata ++++++++++++++++++++++++++++++++++++++++++++++
2022-03-20 17:25:11,111  INFO [main] LoginPageTest:64 - +++++++++++++++++++++++++++++++++++++ Ending test case ++++++++++++++++++++++++++++++++++++++++++++++
2022-03-20 17:25:11,111  INFO [main] LoginPageTest:65 - +++++++++++++++++++++++++++++++++++++ getLoginTestdata ++++++++++++++++++++++++++++++++++++++++++++++
2022-03-20 17:25:21,804  INFO [main] LoginPageTest:76 - +++++++++++++++++++++++++++++++++++++ Browser is closed ++++++++++++++++++++++++++++++++++++++++++++++
2022-03-20 17:25:21,804  INFO [main] TestBase:40 - ++++++++++++++++++++++++++++++++++++++++ Starting test case execution +++++++++++++++++++++++++++++++++++++++++++++++++++++++++
2022-03-20 17:25:33,954  INFO [main] TestBase:69 - entering application URL
2022-03-20 17:25:33,954  WARN [main] TestBase:70 - Hey this is just a warning message
2022-03-20 17:25:33,954 FATAL [main] TestBase:71 - Hey this is just fatal error message
2022-03-20 17:25:33,954 DEBUG [main] TestBase:72 - this is debug message
2022-03-20 17:25:33,954  INFO [main] LoginPageTest:58 - +++++++++++++++++++++++++++++++++++++ Starting test case ++++++++++++++++++++++++++++++++++++++++++++++
2022-03-20 17:25:33,954  INFO [main] LoginPageTest:59 - +++++++++++++++++++++++++++++++++++++ getLoginTestdata ++++++++++++++++++++++++++++++++++++++++++++++
2022-03-20 17:25:34,151  INFO [main] LoginPageTest:64 - +++++++++++++++++++++++++++++++++++++ Ending test case ++++++++++++++++++++++++++++++++++++++++++++++
2022-03-20 17:25:34,151  INFO [main] LoginPageTest:65 - +++++++++++++++++++++++++++++++++++++ getLoginTestdata ++++++++++++++++++++++++++++++++++++++++++++++
2022-03-20 17:25:44,855  INFO [main] LoginPageTest:76 - +++++++++++++++++++++++++++++++++++++ Browser is closed ++++++++++++++++++++++++++++++++++++++++++++++
2022-03-20 17:25:44,855  INFO [main] TestBase:40 - ++++++++++++++++++++++++++++++++++++++++ Starting test case execution +++++++++++++++++++++++++++++++++++++++++++++++++++++++++
2022-03-20 17:25:59,210  INFO [main] TestBase:69 - entering application URL
2022-03-20 17:25:59,210  WARN [main] TestBase:70 - Hey this is just a warning message
2022-03-20 17:25:59,210 FATAL [main] TestBase:71 - Hey this is just fatal error message
2022-03-20 17:25:59,210 DEBUG [main] TestBase:72 - this is debug message
2022-03-20 17:25:59,210  INFO [main] LoginPageTest:35 - +++++++++++++++++++++++++++++++++++++ Starting test case ++++++++++++++++++++++++++++++++++++++++++++++
2022-03-20 17:25:59,210  INFO [main] LoginPageTest:36 - +++++++++++++++++++++++++++++++++++++ loginPageTitleTest ++++++++++++++++++++++++++++++++++++++++++++++
2022-03-20 17:25:59,217  INFO [main] LoginPageTest:39 - Login Page title is---->Facebook – log in or sign up
2022-03-20 17:25:59,217  INFO [main] LoginPageTest:42 - +++++++++++++++++++++++++++++++++++++ Ending test case ++++++++++++++++++++++++++++++++++++++++++++++
2022-03-20 17:25:59,217  INFO [main] LoginPageTest:43 - +++++++++++++++++++++++++++++++++++++ loginPageTitleTest ++++++++++++++++++++++++++++++++++++++++++++++
2022-03-20 17:26:09,921  INFO [main] LoginPageTest:76 - +++++++++++++++++++++++++++++++++++++ Browser is closed ++++++++++++++++++++++++++++++++++++++++++++++
2022-03-21 00:56:23,209  INFO [main] TestBase:40 - ++++++++++++++++++++++++++++++++++++++++ Starting test case execution +++++++++++++++++++++++++++++++++++++++++++++++++++++++++
2022-03-21 00:56:29,136  INFO [main] TestBase:69 - entering application URL
2022-03-21 00:56:29,137  WARN [main] TestBase:70 - Hey this is just a warning message
2022-03-21 00:56:29,137 FATAL [main] TestBase:71 - Hey this is just fatal error message
2022-03-21 00:56:29,137 DEBUG [main] TestBase:72 - this is debug message
2022-03-21 00:56:46,932  INFO [main] TestBase:40 - ++++++++++++++++++++++++++++++++++++++++ Starting test case execution +++++++++++++++++++++++++++++++++++++++++++++++++++++++++
2022-03-21 00:56:50,175  INFO [main] TestBase:69 - entering application URL
2022-03-21 00:56:50,175  WARN [main] TestBase:70 - Hey this is just a warning message
2022-03-21 00:56:50,176 FATAL [main] TestBase:71 - Hey this is just fatal error message
2022-03-21 00:56:50,176 DEBUG [main] TestBase:72 - this is debug message
2022-03-21 00:59:16,218  INFO [main] TestBase:40 - ++++++++++++++++++++++++++++++++++++++++ Starting test case execution +++++++++++++++++++++++++++++++++++++++++++++++++++++++++
2022-03-21 00:59:20,602  INFO [main] TestBase:69 - entering application URL
2022-03-21 00:59:20,602  WARN [main] TestBase:70 - Hey this is just a warning message
2022-03-21 00:59:20,602 FATAL [main] TestBase:71 - Hey this is just fatal error message
2022-03-21 00:59:20,602 DEBUG [main] TestBase:72 - this is debug message
2022-03-21 00:59:37,759  INFO [main] TestBase:40 - ++++++++++++++++++++++++++++++++++++++++ Starting test case execution +++++++++++++++++++++++++++++++++++++++++++++++++++++++++
2022-03-21 00:59:41,025  INFO [main] TestBase:69 - entering application URL
2022-03-21 00:59:41,026  WARN [main] TestBase:70 - Hey this is just a warning message
2022-03-21 00:59:41,026 FATAL [main] TestBase:71 - Hey this is just fatal error message
2022-03-21 00:59:41,026 DEBUG [main] TestBase:72 - this is debug message
2022-03-21 01:04:12,814  INFO [main] TestBase:40 - ++++++++++++++++++++++++++++++++++++++++ Starting test case execution +++++++++++++++++++++++++++++++++++++++++++++++++++++++++
2022-03-21 01:04:17,320  INFO [main] TestBase:69 - entering application URL
2022-03-21 01:04:17,320  WARN [main] TestBase:70 - Hey this is just a warning message
2022-03-21 01:04:17,321 FATAL [main] TestBase:71 - Hey this is just fatal error message
2022-03-21 01:04:17,321 DEBUG [main] TestBase:72 - this is debug message
2022-03-21 01:04:36,404  INFO [main] TestBase:40 - ++++++++++++++++++++++++++++++++++++++++ Starting test case execution +++++++++++++++++++++++++++++++++++++++++++++++++++++++++
2022-03-21 01:04:39,260  INFO [main] TestBase:69 - entering application URL
2022-03-21 01:04:39,261  WARN [main] TestBase:70 - Hey this is just a warning message
2022-03-21 01:04:39,261 FATAL [main] TestBase:71 - Hey this is just fatal error message
2022-03-21 01:04:39,261 DEBUG [main] TestBase:72 - this is debug message
2022-03-21 01:04:55,864  INFO [main] TestBase:40 - ++++++++++++++++++++++++++++++++++++++++ Starting test case execution +++++++++++++++++++++++++++++++++++++++++++++++++++++++++
2022-03-21 01:04:59,651  INFO [main] TestBase:69 - entering application URL
2022-03-21 01:04:59,651  WARN [main] TestBase:70 - Hey this is just a warning message
2022-03-21 01:04:59,651 FATAL [main] TestBase:71 - Hey this is just fatal error message
2022-03-21 01:04:59,652 DEBUG [main] TestBase:72 - this is debug message
2022-03-21 01:05:46,799  INFO [main] TestBase:40 - ++++++++++++++++++++++++++++++++++++++++ Starting test case execution +++++++++++++++++++++++++++++++++++++++++++++++++++++++++
2022-03-21 01:05:48,472  INFO [main] TestBase:40 - ++++++++++++++++++++++++++++++++++++++++ Starting test case execution +++++++++++++++++++++++++++++++++++++++++++++++++++++++++
2022-03-21 01:05:51,411  INFO [main] TestBase:69 - entering application URL
2022-03-21 01:05:51,411  WARN [main] TestBase:70 - Hey this is just a warning message
2022-03-21 01:05:51,411 FATAL [main] TestBase:71 - Hey this is just fatal error message
2022-03-21 01:05:51,411 DEBUG [main] TestBase:72 - this is debug message
2022-03-21 01:05:52,329  INFO [main] TestBase:69 - entering application URL
2022-03-21 01:05:52,330  WARN [main] TestBase:70 - Hey this is just a warning message
2022-03-21 01:05:52,330 FATAL [main] TestBase:71 - Hey this is just fatal error message
2022-03-21 01:05:52,330 DEBUG [main] TestBase:72 - this is debug message
2022-03-21 01:06:09,372  INFO [main] TestBase:40 - ++++++++++++++++++++++++++++++++++++++++ Starting test case execution +++++++++++++++++++++++++++++++++++++++++++++++++++++++++
2022-03-21 01:06:12,339  INFO [main] TestBase:69 - entering application URL
2022-03-21 01:06:12,339  WARN [main] TestBase:70 - Hey this is just a warning message
2022-03-21 01:06:12,339 FATAL [main] TestBase:71 - Hey this is just fatal error message
2022-03-21 01:06:12,339 DEBUG [main] TestBase:72 - this is debug message
2022-03-21 01:06:26,947  INFO [main] TestBase:40 - ++++++++++++++++++++++++++++++++++++++++ Starting test case execution +++++++++++++++++++++++++++++++++++++++++++++++++++++++++
2022-03-21 01:06:30,433  INFO [main] TestBase:69 - entering application URL
2022-03-21 01:06:30,433  WARN [main] TestBase:70 - Hey this is just a warning message
2022-03-21 01:06:30,434 FATAL [main] TestBase:71 - Hey this is just fatal error message
2022-03-21 01:06:30,434 DEBUG [main] TestBase:72 - this is debug message
2022-03-21 01:06:48,369  INFO [main] TestBase:40 - ++++++++++++++++++++++++++++++++++++++++ Starting test case execution +++++++++++++++++++++++++++++++++++++++++++++++++++++++++
2022-03-21 01:06:52,187  INFO [main] TestBase:69 - entering application URL
2022-03-21 01:06:52,187  WARN [main] TestBase:70 - Hey this is just a warning message
2022-03-21 01:06:52,187 FATAL [main] TestBase:71 - Hey this is just fatal error message
2022-03-21 01:06:52,187 DEBUG [main] TestBase:72 - this is debug message
2022-03-21 01:07:10,632  INFO [main] TestBase:40 - ++++++++++++++++++++++++++++++++++++++++ Starting test case execution +++++++++++++++++++++++++++++++++++++++++++++++++++++++++
2022-03-21 01:07:13,900  INFO [main] TestBase:69 - entering application URL
2022-03-21 01:07:13,900  WARN [main] TestBase:70 - Hey this is just a warning message
2022-03-21 01:07:13,900 FATAL [main] TestBase:71 - Hey this is just fatal error message
2022-03-21 01:07:13,900 DEBUG [main] TestBase:72 - this is debug message
2022-03-21 01:08:41,130  INFO [main] TestBase:40 - ++++++++++++++++++++++++++++++++++++++++ Starting test case execution +++++++++++++++++++++++++++++++++++++++++++++++++++++++++
2022-03-21 01:08:45,348  INFO [main] TestBase:69 - entering application URL
2022-03-21 01:08:45,348  WARN [main] TestBase:70 - Hey this is just a warning message
2022-03-21 01:08:45,348 FATAL [main] TestBase:71 - Hey this is just fatal error message
2022-03-21 01:08:45,348 DEBUG [main] TestBase:72 - this is debug message
2022-03-21 01:09:03,164  INFO [main] TestBase:40 - ++++++++++++++++++++++++++++++++++++++++ Starting test case execution +++++++++++++++++++++++++++++++++++++++++++++++++++++++++
2022-03-21 01:09:06,486  INFO [main] TestBase:69 - entering application URL
2022-03-21 01:09:06,486  WARN [main] TestBase:70 - Hey this is just a warning message
2022-03-21 01:09:06,486 FATAL [main] TestBase:71 - Hey this is just fatal error message
2022-03-21 01:09:06,486 DEBUG [main] TestBase:72 - this is debug message
2022-03-21 01:09:22,918  INFO [main] TestBase:40 - ++++++++++++++++++++++++++++++++++++++++ Starting test case execution +++++++++++++++++++++++++++++++++++++++++++++++++++++++++
2022-03-21 01:09:26,733  INFO [main] TestBase:69 - entering application URL
2022-03-21 01:09:26,733  WARN [main] TestBase:70 - Hey this is just a warning message
2022-03-21 01:09:26,733 FATAL [main] TestBase:71 - Hey this is just fatal error message
2022-03-21 01:09:26,733 DEBUG [main] TestBase:72 - this is debug message
2022-03-21 01:13:59,293  INFO [main] TestBase:40 - ++++++++++++++++++++++++++++++++++++++++ Starting test case execution +++++++++++++++++++++++++++++++++++++++++++++++++++++++++
2022-03-21 01:14:03,678  INFO [main] TestBase:69 - entering application URL
2022-03-21 01:14:03,678  WARN [main] TestBase:70 - Hey this is just a warning message
2022-03-21 01:14:03,678 FATAL [main] TestBase:71 - Hey this is just fatal error message
2022-03-21 01:14:03,678 DEBUG [main] TestBase:72 - this is debug message
2022-03-21 01:14:21,265  INFO [main] TestBase:40 - ++++++++++++++++++++++++++++++++++++++++ Starting test case execution +++++++++++++++++++++++++++++++++++++++++++++++++++++++++
2022-03-21 01:14:24,569  INFO [main] TestBase:69 - entering application URL
2022-03-21 01:14:24,569  WARN [main] TestBase:70 - Hey this is just a warning message
2022-03-21 01:14:24,570 FATAL [main] TestBase:71 - Hey this is just fatal error message
2022-03-21 01:14:24,570 DEBUG [main] TestBase:72 - this is debug message
2022-03-21 01:14:41,280  INFO [main] TestBase:40 - ++++++++++++++++++++++++++++++++++++++++ Starting test case execution +++++++++++++++++++++++++++++++++++++++++++++++++++++++++
2022-03-21 01:14:44,312  INFO [main] TestBase:69 - entering application URL
2022-03-21 01:14:44,313  WARN [main] TestBase:70 - Hey this is just a warning message
2022-03-21 01:14:44,313 FATAL [main] TestBase:71 - Hey this is just fatal error message
2022-03-21 01:14:44,313 DEBUG [main] TestBase:72 - this is debug message
2022-03-21 01:23:44,706  INFO [main] TestBase:40 - ++++++++++++++++++++++++++++++++++++++++ Starting test case execution +++++++++++++++++++++++++++++++++++++++++++++++++++++++++
2022-03-21 01:23:50,683  INFO [main] TestBase:69 - entering application URL
2022-03-21 01:23:50,684  WARN [main] TestBase:70 - Hey this is just a warning message
2022-03-21 01:23:50,684 FATAL [main] TestBase:71 - Hey this is just fatal error message
2022-03-21 01:23:50,684 DEBUG [main] TestBase:72 - this is debug message
2022-03-21 01:24:08,410  INFO [main] TestBase:40 - ++++++++++++++++++++++++++++++++++++++++ Starting test case execution +++++++++++++++++++++++++++++++++++++++++++++++++++++++++
2022-03-21 01:24:11,585  INFO [main] TestBase:69 - entering application URL
2022-03-21 01:24:11,585  WARN [main] TestBase:70 - Hey this is just a warning message
2022-03-21 01:24:11,586 FATAL [main] TestBase:71 - Hey this is just fatal error message
2022-03-21 01:24:11,586 DEBUG [main] TestBase:72 - this is debug message
2022-03-21 01:24:28,049  INFO [main] TestBase:40 - ++++++++++++++++++++++++++++++++++++++++ Starting test case execution +++++++++++++++++++++++++++++++++++++++++++++++++++++++++
2022-03-21 01:24:31,586  INFO [main] TestBase:69 - entering application URL
2022-03-21 01:24:31,586  WARN [main] TestBase:70 - Hey this is just a warning message
2022-03-21 01:24:31,586 FATAL [main] TestBase:71 - Hey this is just fatal error message
2022-03-21 01:24:31,586 DEBUG [main] TestBase:72 - this is debug message
2022-03-21 01:25:07,747  INFO [main] TestBase:40 - ++++++++++++++++++++++++++++++++++++++++ Starting test case execution +++++++++++++++++++++++++++++++++++++++++++++++++++++++++
2022-03-21 01:25:11,693  INFO [main] TestBase:69 - entering application URL
2022-03-21 01:25:11,693  WARN [main] TestBase:70 - Hey this is just a warning message
2022-03-21 01:25:11,693 FATAL [main] TestBase:71 - Hey this is just fatal error message
2022-03-21 01:25:11,694 DEBUG [main] TestBase:72 - this is debug message
2022-03-21 01:25:30,780  INFO [main] TestBase:40 - ++++++++++++++++++++++++++++++++++++++++ Starting test case execution +++++++++++++++++++++++++++++++++++++++++++++++++++++++++
2022-03-21 01:25:34,433  INFO [main] TestBase:69 - entering application URL
2022-03-21 01:25:34,433  WARN [main] TestBase:70 - Hey this is just a warning message
2022-03-21 01:25:34,434 FATAL [main] TestBase:71 - Hey this is just fatal error message
2022-03-21 01:25:34,434 DEBUG [main] TestBase:72 - this is debug message
2022-03-21 01:25:51,072  INFO [main] TestBase:40 - ++++++++++++++++++++++++++++++++++++++++ Starting test case execution +++++++++++++++++++++++++++++++++++++++++++++++++++++++++
2022-03-21 01:25:54,325  INFO [main] TestBase:69 - entering application URL
2022-03-21 01:25:54,325  WARN [main] TestBase:70 - Hey this is just a warning message
2022-03-21 01:25:54,325 FATAL [main] TestBase:71 - Hey this is just fatal error message
2022-03-21 01:25:54,325 DEBUG [main] TestBase:72 - this is debug message
2022-03-21 01:28:35,746  INFO [main] TestBase:40 - ++++++++++++++++++++++++++++++++++++++++ Starting test case execution +++++++++++++++++++++++++++++++++++++++++++++++++++++++++
2022-03-21 01:28:40,099  INFO [main] TestBase:69 - entering application URL
2022-03-21 01:28:40,099  WARN [main] TestBase:70 - Hey this is just a warning message
2022-03-21 01:28:40,099 FATAL [main] TestBase:71 - Hey this is just fatal error message
2022-03-21 01:28:40,100 DEBUG [main] TestBase:72 - this is debug message
2022-03-21 01:29:02,896  INFO [main] TestBase:40 - ++++++++++++++++++++++++++++++++++++++++ Starting test case execution +++++++++++++++++++++++++++++++++++++++++++++++++++++++++
2022-03-21 01:29:06,964  INFO [main] TestBase:69 - entering application URL
2022-03-21 01:29:06,964  WARN [main] TestBase:70 - Hey this is just a warning message
2022-03-21 01:29:06,965 FATAL [main] TestBase:71 - Hey this is just fatal error message
2022-03-21 01:29:06,965 DEBUG [main] TestBase:72 - this is debug message
2022-03-21 01:30:51,071  INFO [main] TestBase:40 - ++++++++++++++++++++++++++++++++++++++++ Starting test case execution +++++++++++++++++++++++++++++++++++++++++++++++++++++++++
2022-03-21 01:30:55,342  INFO [main] TestBase:69 - entering application URL
2022-03-21 01:30:55,342  WARN [main] TestBase:70 - Hey this is just a warning message
2022-03-21 01:30:55,342 FATAL [main] TestBase:71 - Hey this is just fatal error message
2022-03-21 01:30:55,342 DEBUG [main] TestBase:72 - this is debug message
2022-03-21 01:33:25,136  INFO [main] TestBase:40 - ++++++++++++++++++++++++++++++++++++++++ Starting test case execution +++++++++++++++++++++++++++++++++++++++++++++++++++++++++
2022-03-21 01:33:29,493  INFO [main] TestBase:69 - entering application URL
2022-03-21 01:33:29,494  WARN [main] TestBase:70 - Hey this is just a warning message
2022-03-21 01:33:29,494 FATAL [main] TestBase:71 - Hey this is just fatal error message
2022-03-21 01:33:29,494 DEBUG [main] TestBase:72 - this is debug message
2022-03-23 16:32:27,938  INFO [main] TestBase:40 - ++++++++++++++++++++++++++++++++++++++++ Starting test case execution +++++++++++++++++++++++++++++++++++++++++++++++++++++++++
2022-03-23 16:32:33,036  INFO [main] TestBase:69 - entering application URL
2022-03-23 16:32:33,037  WARN [main] TestBase:70 - Hey this is just a warning message
2022-03-23 16:32:33,037 FATAL [main] TestBase:71 - Hey this is just fatal error message
2022-03-23 16:32:33,037 DEBUG [main] TestBase:72 - this is debug message
2022-03-23 16:39:04,634  INFO [main] TestBase:40 - ++++++++++++++++++++++++++++++++++++++++ Starting test case execution +++++++++++++++++++++++++++++++++++++++++++++++++++++++++
2022-03-23 16:39:08,506  INFO [main] TestBase:69 - entering application URL
2022-03-23 16:39:08,507  WARN [main] TestBase:70 - Hey this is just a warning message
2022-03-23 16:39:08,507 FATAL [main] TestBase:71 - Hey this is just fatal error message
2022-03-23 16:39:08,507 DEBUG [main] TestBase:72 - this is debug message
2022-03-23 17:00:11,568  INFO [main] TestBase:40 - ++++++++++++++++++++++++++++++++++++++++ Starting test case execution +++++++++++++++++++++++++++++++++++++++++++++++++++++++++
2022-03-23 17:00:15,281  INFO [main] TestBase:69 - entering application URL
2022-03-23 17:00:15,282  WARN [main] TestBase:70 - Hey this is just a warning message
2022-03-23 17:00:15,282 FATAL [main] TestBase:71 - Hey this is just fatal error message
2022-03-23 17:00:15,282 DEBUG [main] TestBase:72 - this is debug message
2022-03-23 17:00:24,150  INFO [main] TestBase:40 - ++++++++++++++++++++++++++++++++++++++++ Starting test case execution +++++++++++++++++++++++++++++++++++++++++++++++++++++++++
2022-03-23 17:00:26,940  INFO [main] TestBase:69 - entering application URL
2022-03-23 17:00:26,941  WARN [main] TestBase:70 - Hey this is just a warning message
2022-03-23 17:00:26,941 FATAL [main] TestBase:71 - Hey this is just fatal error message
2022-03-23 17:00:26,941 DEBUG [main] TestBase:72 - this is debug message
2022-03-23 17:11:30,946  INFO [main] TestBase:40 - ++++++++++++++++++++++++++++++++++++++++ Starting test case execution +++++++++++++++++++++++++++++++++++++++++++++++++++++++++
2022-03-23 17:11:34,738  INFO [main] TestBase:69 - entering application URL
2022-03-23 17:11:34,739  WARN [main] TestBase:70 - Hey this is just a warning message
2022-03-23 17:11:34,739 FATAL [main] TestBase:71 - Hey this is just fatal error message
2022-03-23 17:11:34,739 DEBUG [main] TestBase:72 - this is debug message
2022-03-23 17:12:23,840  INFO [main] TestBase:40 - ++++++++++++++++++++++++++++++++++++++++ Starting test case execution +++++++++++++++++++++++++++++++++++++++++++++++++++++++++
2022-03-23 17:12:27,519  INFO [main] TestBase:69 - entering application URL
2022-03-23 17:12:27,519  WARN [main] TestBase:70 - Hey this is just a warning message
2022-03-23 17:12:27,519 FATAL [main] TestBase:71 - Hey this is just fatal error message
2022-03-23 17:12:27,520 DEBUG [main] TestBase:72 - this is debug message
2022-03-23 17:15:38,622  INFO [main] TestBase:40 - ++++++++++++++++++++++++++++++++++++++++ Starting test case execution +++++++++++++++++++++++++++++++++++++++++++++++++++++++++
2022-03-23 17:15:42,489  INFO [main] TestBase:69 - entering application URL
2022-03-23 17:15:42,489  WARN [main] TestBase:70 - Hey this is just a warning message
2022-03-23 17:15:42,490 FATAL [main] TestBase:71 - Hey this is just fatal error message
2022-03-23 17:15:42,490 DEBUG [main] TestBase:72 - this is debug message
2022-03-23 17:25:00,262  INFO [main] TestBase:40 - ++++++++++++++++++++++++++++++++++++++++ Starting test case execution +++++++++++++++++++++++++++++++++++++++++++++++++++++++++
2022-03-23 17:25:04,064  INFO [main] TestBase:69 - entering application URL
2022-03-23 17:25:04,064  WARN [main] TestBase:70 - Hey this is just a warning message
2022-03-23 17:25:04,064 FATAL [main] TestBase:71 - Hey this is just fatal error message
2022-03-23 17:25:04,065 DEBUG [main] TestBase:72 - this is debug message
2022-03-23 17:25:14,718  INFO [main] TestBase:40 - ++++++++++++++++++++++++++++++++++++++++ Starting test case execution +++++++++++++++++++++++++++++++++++++++++++++++++++++++++
2022-03-23 17:25:17,555  INFO [main] TestBase:69 - entering application URL
2022-03-23 17:25:17,555  WARN [main] TestBase:70 - Hey this is just a warning message
2022-03-23 17:25:17,555 FATAL [main] TestBase:71 - Hey this is just fatal error message
2022-03-23 17:25:17,555 DEBUG [main] TestBase:72 - this is debug message
2022-03-23 17:28:05,306  INFO [main] TestBase:40 - ++++++++++++++++++++++++++++++++++++++++ Starting test case execution +++++++++++++++++++++++++++++++++++++++++++++++++++++++++
2022-03-23 17:28:09,196  INFO [main] TestBase:69 - entering application URL
2022-03-23 17:28:09,197  WARN [main] TestBase:70 - Hey this is just a warning message
2022-03-23 17:28:09,197 FATAL [main] TestBase:71 - Hey this is just fatal error message
2022-03-23 17:28:09,197 DEBUG [main] TestBase:72 - this is debug message
2022-03-23 17:28:27,196  INFO [main] TestBase:40 - ++++++++++++++++++++++++++++++++++++++++ Starting test case execution +++++++++++++++++++++++++++++++++++++++++++++++++++++++++
2022-03-23 17:28:30,108  INFO [main] TestBase:69 - entering application URL
2022-03-23 17:28:30,108  WARN [main] TestBase:70 - Hey this is just a warning message
2022-03-23 17:28:30,109 FATAL [main] TestBase:71 - Hey this is just fatal error message
2022-03-23 17:28:30,109 DEBUG [main] TestBase:72 - this is debug message
2022-03-23 17:28:46,528  INFO [main] TestBase:40 - ++++++++++++++++++++++++++++++++++++++++ Starting test case execution +++++++++++++++++++++++++++++++++++++++++++++++++++++++++
2022-03-23 17:28:49,885  INFO [main] TestBase:69 - entering application URL
2022-03-23 17:28:49,886  WARN [main] TestBase:70 - Hey this is just a warning message
2022-03-23 17:28:49,886 FATAL [main] TestBase:71 - Hey this is just fatal error message
2022-03-23 17:28:49,886 DEBUG [main] TestBase:72 - this is debug message
2022-03-23 17:29:25,585  INFO [main] TestBase:40 - ++++++++++++++++++++++++++++++++++++++++ Starting test case execution +++++++++++++++++++++++++++++++++++++++++++++++++++++++++
2022-03-23 17:29:28,595  INFO [main] TestBase:69 - entering application URL
2022-03-23 17:29:28,596  WARN [main] TestBase:70 - Hey this is just a warning message
2022-03-23 17:29:28,596 FATAL [main] TestBase:71 - Hey this is just fatal error message
2022-03-23 17:29:28,596 DEBUG [main] TestBase:72 - this is debug message
2022-03-23 17:29:45,273  INFO [main] TestBase:40 - ++++++++++++++++++++++++++++++++++++++++ Starting test case execution +++++++++++++++++++++++++++++++++++++++++++++++++++++++++
2022-03-23 17:29:48,234  INFO [main] TestBase:69 - entering application URL
2022-03-23 17:29:48,234  WARN [main] TestBase:70 - Hey this is just a warning message
2022-03-23 17:29:48,234 FATAL [main] TestBase:71 - Hey this is just fatal error message
2022-03-23 17:29:48,234 DEBUG [main] TestBase:72 - this is debug message
2022-03-23 17:30:23,248  INFO [main] TestBase:40 - ++++++++++++++++++++++++++++++++++++++++ Starting test case execution +++++++++++++++++++++++++++++++++++++++++++++++++++++++++
2022-03-23 17:30:25,961  INFO [main] TestBase:69 - entering application URL
2022-03-23 17:30:25,961  WARN [main] TestBase:70 - Hey this is just a warning message
2022-03-23 17:30:25,961 FATAL [main] TestBase:71 - Hey this is just fatal error message
2022-03-23 17:30:25,961 DEBUG [main] TestBase:72 - this is debug message
2022-03-23 19:12:38,713  INFO [main] TestBase:40 - ++++++++++++++++++++++++++++++++++++++++ Starting test case execution +++++++++++++++++++++++++++++++++++++++++++++++++++++++++
2022-03-23 19:12:42,829  INFO [main] TestBase:69 - entering application URL
2022-03-23 19:12:42,829  WARN [main] TestBase:70 - Hey this is just a warning message
2022-03-23 19:12:42,829 FATAL [main] TestBase:71 - Hey this is just fatal error message
2022-03-23 19:12:42,829 DEBUG [main] TestBase:72 - this is debug message
2022-03-23 19:14:28,885  INFO [main] TestBase:40 - ++++++++++++++++++++++++++++++++++++++++ Starting test case execution +++++++++++++++++++++++++++++++++++++++++++++++++++++++++
2022-03-23 19:14:32,026  INFO [main] TestBase:69 - entering application URL
2022-03-23 19:14:32,026  WARN [main] TestBase:70 - Hey this is just a warning message
2022-03-23 19:14:32,026 FATAL [main] TestBase:71 - Hey this is just fatal error message
2022-03-23 19:14:32,026 DEBUG [main] TestBase:72 - this is debug message
2022-03-23 19:14:37,570  INFO [main] TestBase:40 - ++++++++++++++++++++++++++++++++++++++++ Starting test case execution +++++++++++++++++++++++++++++++++++++++++++++++++++++++++
2022-03-23 19:14:40,274  INFO [main] TestBase:69 - entering application URL
2022-03-23 19:14:40,275  WARN [main] TestBase:70 - Hey this is just a warning message
2022-03-23 19:14:40,275 FATAL [main] TestBase:71 - Hey this is just fatal error message
2022-03-23 19:14:40,275 DEBUG [main] TestBase:72 - this is debug message
2022-03-23 19:16:01,713  INFO [main] TestBase:40 - ++++++++++++++++++++++++++++++++++++++++ Starting test case execution +++++++++++++++++++++++++++++++++++++++++++++++++++++++++
2022-03-23 19:16:05,045  INFO [main] TestBase:69 - entering application URL
2022-03-23 19:16:05,045  WARN [main] TestBase:70 - Hey this is just a warning message
2022-03-23 19:16:05,046 FATAL [main] TestBase:71 - Hey this is just fatal error message
2022-03-23 19:16:05,046 DEBUG [main] TestBase:72 - this is debug message
2022-03-23 19:16:14,413  INFO [main] TestBase:40 - ++++++++++++++++++++++++++++++++++++++++ Starting test case execution +++++++++++++++++++++++++++++++++++++++++++++++++++++++++
2022-03-23 19:16:17,463  INFO [main] TestBase:69 - entering application URL
2022-03-23 19:16:17,463  WARN [main] TestBase:70 - Hey this is just a warning message
2022-03-23 19:16:17,464 FATAL [main] TestBase:71 - Hey this is just fatal error message
2022-03-23 19:16:17,464 DEBUG [main] TestBase:72 - this is debug message
2022-03-23 19:17:28,894  INFO [main] TestBase:40 - ++++++++++++++++++++++++++++++++++++++++ Starting test case execution +++++++++++++++++++++++++++++++++++++++++++++++++++++++++
2022-03-23 19:17:32,580  INFO [main] TestBase:69 - entering application URL
2022-03-23 19:17:32,580  WARN [main] TestBase:70 - Hey this is just a warning message
2022-03-23 19:17:32,580 FATAL [main] TestBase:71 - Hey this is just fatal error message
2022-03-23 19:17:32,581 DEBUG [main] TestBase:72 - this is debug message
2022-03-23 19:17:44,548  INFO [main] TestBase:40 - ++++++++++++++++++++++++++++++++++++++++ Starting test case execution +++++++++++++++++++++++++++++++++++++++++++++++++++++++++
2022-03-23 19:17:47,270  INFO [main] TestBase:69 - entering application URL
2022-03-23 19:17:47,271  WARN [main] TestBase:70 - Hey this is just a warning message
2022-03-23 19:17:47,271 FATAL [main] TestBase:71 - Hey this is just fatal error message
2022-03-23 19:17:47,271 DEBUG [main] TestBase:72 - this is debug message
2022-03-23 19:17:55,875  INFO [main] TestBase:40 - ++++++++++++++++++++++++++++++++++++++++ Starting test case execution +++++++++++++++++++++++++++++++++++++++++++++++++++++++++
2022-03-23 19:17:58,622  INFO [main] TestBase:69 - entering application URL
2022-03-23 19:17:58,622  WARN [main] TestBase:70 - Hey this is just a warning message
2022-03-23 19:17:58,622 FATAL [main] TestBase:71 - Hey this is just fatal error message
2022-03-23 19:17:58,622 DEBUG [main] TestBase:72 - this is debug message
2022-03-23 19:29:53,147  INFO [main] TestBase:40 - ++++++++++++++++++++++++++++++++++++++++ Starting test case execution +++++++++++++++++++++++++++++++++++++++++++++++++++++++++
2022-03-23 19:29:56,543  INFO [main] TestBase:69 - entering application URL
2022-03-23 19:29:56,544  WARN [main] TestBase:70 - Hey this is just a warning message
2022-03-23 19:29:56,544 FATAL [main] TestBase:71 - Hey this is just fatal error message
2022-03-23 19:29:56,544 DEBUG [main] TestBase:72 - this is debug message
2022-03-23 19:30:07,102  INFO [main] TestBase:40 - ++++++++++++++++++++++++++++++++++++++++ Starting test case execution +++++++++++++++++++++++++++++++++++++++++++++++++++++++++
2022-03-23 19:30:09,714  INFO [main] TestBase:69 - entering application URL
2022-03-23 19:30:09,715  WARN [main] TestBase:70 - Hey this is just a warning message
2022-03-23 19:30:09,715 FATAL [main] TestBase:71 - Hey this is just fatal error message
2022-03-23 19:30:09,715 DEBUG [main] TestBase:72 - this is debug message
2022-03-23 19:30:18,305  INFO [main] TestBase:40 - ++++++++++++++++++++++++++++++++++++++++ Starting test case execution +++++++++++++++++++++++++++++++++++++++++++++++++++++++++
2022-03-23 19:30:21,102  INFO [main] TestBase:69 - entering application URL
2022-03-23 19:30:21,102  WARN [main] TestBase:70 - Hey this is just a warning message
2022-03-23 19:30:21,102 FATAL [main] TestBase:71 - Hey this is just fatal error message
2022-03-23 19:30:21,102 DEBUG [main] TestBase:72 - this is debug message
2022-03-23 19:41:40,295  INFO [main] TestBase:40 - ++++++++++++++++++++++++++++++++++++++++ Starting test case execution +++++++++++++++++++++++++++++++++++++++++++++++++++++++++
2022-03-23 19:41:43,484  INFO [main] TestBase:69 - entering application URL
2022-03-23 19:41:43,484  WARN [main] TestBase:70 - Hey this is just a warning message
2022-03-23 19:41:43,484 FATAL [main] TestBase:71 - Hey this is just fatal error message
2022-03-23 19:41:43,484 DEBUG [main] TestBase:72 - this is debug message
2022-03-23 19:43:48,127  INFO [main] TestBase:40 - ++++++++++++++++++++++++++++++++++++++++ Starting test case execution +++++++++++++++++++++++++++++++++++++++++++++++++++++++++
2022-03-23 19:43:51,175  INFO [main] TestBase:69 - entering application URL
2022-03-23 19:43:51,176  WARN [main] TestBase:70 - Hey this is just a warning message
2022-03-23 19:43:51,176 FATAL [main] TestBase:71 - Hey this is just fatal error message
2022-03-23 19:43:51,176 DEBUG [main] TestBase:72 - this is debug message
2022-03-23 19:44:12,518  INFO [main] TestBase:40 - ++++++++++++++++++++++++++++++++++++++++ Starting test case execution +++++++++++++++++++++++++++++++++++++++++++++++++++++++++
2022-03-23 19:44:15,402  INFO [main] TestBase:69 - entering application URL
2022-03-23 19:44:15,402  WARN [main] TestBase:70 - Hey this is just a warning message
2022-03-23 19:44:15,402 FATAL [main] TestBase:71 - Hey this is just fatal error message
2022-03-23 19:44:15,402 DEBUG [main] TestBase:72 - this is debug message
2022-03-23 19:44:24,432  INFO [main] TestBase:40 - ++++++++++++++++++++++++++++++++++++++++ Starting test case execution +++++++++++++++++++++++++++++++++++++++++++++++++++++++++
2022-03-23 19:44:27,021  INFO [main] TestBase:69 - entering application URL
2022-03-23 19:44:27,021  WARN [main] TestBase:70 - Hey this is just a warning message
2022-03-23 19:44:27,021 FATAL [main] TestBase:71 - Hey this is just fatal error message
2022-03-23 19:44:27,021 DEBUG [main] TestBase:72 - this is debug message
2022-03-23 19:44:43,990  INFO [main] TestBase:40 - ++++++++++++++++++++++++++++++++++++++++ Starting test case execution +++++++++++++++++++++++++++++++++++++++++++++++++++++++++
2022-03-23 19:44:47,400  INFO [main] TestBase:69 - entering application URL
2022-03-23 19:44:47,400  WARN [main] TestBase:70 - Hey this is just a warning message
2022-03-23 19:44:47,400 FATAL [main] TestBase:71 - Hey this is just fatal error message
2022-03-23 19:44:47,400 DEBUG [main] TestBase:72 - this is debug message
2022-03-23 19:44:56,905  INFO [main] TestBase:40 - ++++++++++++++++++++++++++++++++++++++++ Starting test case execution +++++++++++++++++++++++++++++++++++++++++++++++++++++++++
2022-03-23 19:44:59,494  INFO [main] TestBase:69 - entering application URL
2022-03-23 19:44:59,495  WARN [main] TestBase:70 - Hey this is just a warning message
2022-03-23 19:44:59,495 FATAL [main] TestBase:71 - Hey this is just fatal error message
2022-03-23 19:44:59,495 DEBUG [main] TestBase:72 - this is debug message
2022-03-23 19:45:07,003  INFO [main] TestBase:40 - ++++++++++++++++++++++++++++++++++++++++ Starting test case execution +++++++++++++++++++++++++++++++++++++++++++++++++++++++++
2022-03-23 19:45:09,571  INFO [main] TestBase:69 - entering application URL
2022-03-23 19:45:09,571  WARN [main] TestBase:70 - Hey this is just a warning message
2022-03-23 19:45:09,571 FATAL [main] TestBase:71 - Hey this is just fatal error message
2022-03-23 19:45:09,572 DEBUG [main] TestBase:72 - this is debug message
2022-03-23 19:47:29,121  INFO [main] TestBase:40 - ++++++++++++++++++++++++++++++++++++++++ Starting test case execution +++++++++++++++++++++++++++++++++++++++++++++++++++++++++
2022-03-23 19:47:32,365  INFO [main] TestBase:69 - entering application URL
2022-03-23 19:47:32,365  WARN [main] TestBase:70 - Hey this is just a warning message
2022-03-23 19:47:32,365 FATAL [main] TestBase:71 - Hey this is just fatal error message
2022-03-23 19:47:32,366 DEBUG [main] TestBase:72 - this is debug message
2022-03-23 19:47:52,085  INFO [main] TestBase:40 - ++++++++++++++++++++++++++++++++++++++++ Starting test case execution +++++++++++++++++++++++++++++++++++++++++++++++++++++++++
2022-03-23 19:47:54,649  INFO [main] TestBase:69 - entering application URL
2022-03-23 19:47:54,650  WARN [main] TestBase:70 - Hey this is just a warning message
2022-03-23 19:47:54,650 FATAL [main] TestBase:71 - Hey this is just fatal error message
2022-03-23 19:47:54,650 DEBUG [main] TestBase:72 - this is debug message
2022-03-23 19:48:12,839  INFO [main] TestBase:40 - ++++++++++++++++++++++++++++++++++++++++ Starting test case execution +++++++++++++++++++++++++++++++++++++++++++++++++++++++++
2022-03-23 19:48:15,305  INFO [main] TestBase:69 - entering application URL
2022-03-23 19:48:15,305  WARN [main] TestBase:70 - Hey this is just a warning message
2022-03-23 19:48:15,305 FATAL [main] TestBase:71 - Hey this is just fatal error message
2022-03-23 19:48:15,305 DEBUG [main] TestBase:72 - this is debug message
2022-03-23 19:48:34,329  INFO [main] TestBase:40 - ++++++++++++++++++++++++++++++++++++++++ Starting test case execution +++++++++++++++++++++++++++++++++++++++++++++++++++++++++
2022-03-23 19:48:37,392  INFO [main] TestBase:69 - entering application URL
2022-03-23 19:48:37,392  WARN [main] TestBase:70 - Hey this is just a warning message
2022-03-23 19:48:37,392 FATAL [main] TestBase:71 - Hey this is just fatal error message
2022-03-23 19:48:37,392 DEBUG [main] TestBase:72 - this is debug message
2022-03-23 20:26:16,425  INFO [main] TestBase:40 - ++++++++++++++++++++++++++++++++++++++++ Starting test case execution +++++++++++++++++++++++++++++++++++++++++++++++++++++++++
2022-03-23 20:26:27,171  INFO [main] TestBase:69 - entering application URL
2022-03-23 20:26:27,171  WARN [main] TestBase:70 - Hey this is just a warning message
2022-03-23 20:26:27,171 FATAL [main] TestBase:71 - Hey this is just fatal error message
2022-03-23 20:26:27,171 DEBUG [main] TestBase:72 - this is debug message
2022-03-23 20:26:48,264  INFO [main] TestBase:40 - ++++++++++++++++++++++++++++++++++++++++ Starting test case execution +++++++++++++++++++++++++++++++++++++++++++++++++++++++++
2022-03-23 20:26:51,254  INFO [main] TestBase:69 - entering application URL
2022-03-23 20:26:51,254  WARN [main] TestBase:70 - Hey this is just a warning message
2022-03-23 20:26:51,255 FATAL [main] TestBase:71 - Hey this is just fatal error message
2022-03-23 20:26:51,255 DEBUG [main] TestBase:72 - this is debug message
2022-03-23 20:27:06,907  INFO [main] TestBase:40 - ++++++++++++++++++++++++++++++++++++++++ Starting test case execution +++++++++++++++++++++++++++++++++++++++++++++++++++++++++
2022-03-23 20:27:10,815  INFO [main] TestBase:69 - entering application URL
2022-03-23 20:27:10,815  WARN [main] TestBase:70 - Hey this is just a warning message
2022-03-23 20:27:10,815 FATAL [main] TestBase:71 - Hey this is just fatal error message
2022-03-23 20:27:10,816 DEBUG [main] TestBase:72 - this is debug message
2022-03-23 22:54:05,694  INFO [main] TestBase:40 - ++++++++++++++++++++++++++++++++++++++++ Starting test case execution +++++++++++++++++++++++++++++++++++++++++++++++++++++++++
2022-03-23 22:54:14,140  INFO [main] TestBase:69 - entering application URL
2022-03-23 22:54:14,140  WARN [main] TestBase:70 - Hey this is just a warning message
2022-03-23 22:54:14,140 FATAL [main] TestBase:71 - Hey this is just fatal error message
2022-03-23 22:54:14,140 DEBUG [main] TestBase:72 - this is debug message
2022-03-23 22:55:05,793  INFO [main] TestBase:40 - ++++++++++++++++++++++++++++++++++++++++ Starting test case execution +++++++++++++++++++++++++++++++++++++++++++++++++++++++++
2022-03-23 22:55:11,899  INFO [main] TestBase:69 - entering application URL
2022-03-23 22:55:11,899  WARN [main] TestBase:70 - Hey this is just a warning message
2022-03-23 22:55:11,899 FATAL [main] TestBase:71 - Hey this is just fatal error message
2022-03-23 22:55:11,900 DEBUG [main] TestBase:72 - this is debug message
2022-03-23 22:55:56,810  INFO [main] TestBase:40 - ++++++++++++++++++++++++++++++++++++++++ Starting test case execution +++++++++++++++++++++++++++++++++++++++++++++++++++++++++
2022-03-23 22:56:05,699  INFO [main] TestBase:69 - entering application URL
2022-03-23 22:56:05,700  WARN [main] TestBase:70 - Hey this is just a warning message
2022-03-23 22:56:05,700 FATAL [main] TestBase:71 - Hey this is just fatal error message
2022-03-23 22:56:05,700 DEBUG [main] TestBase:72 - this is debug message
2022-03-23 22:57:02,025  INFO [main] TestBase:40 - ++++++++++++++++++++++++++++++++++++++++ Starting test case execution +++++++++++++++++++++++++++++++++++++++++++++++++++++++++
2022-03-23 22:57:06,539  INFO [main] TestBase:69 - entering application URL
2022-03-23 22:57:06,540  WARN [main] TestBase:70 - Hey this is just a warning message
2022-03-23 22:57:06,540 FATAL [main] TestBase:71 - Hey this is just fatal error message
2022-03-23 22:57:06,540 DEBUG [main] TestBase:72 - this is debug message
2022-03-23 22:58:11,534  INFO [main] TestBase:40 - ++++++++++++++++++++++++++++++++++++++++ Starting test case execution +++++++++++++++++++++++++++++++++++++++++++++++++++++++++
2022-03-23 22:58:19,782  INFO [main] TestBase:69 - entering application URL
2022-03-23 22:58:19,783  WARN [main] TestBase:70 - Hey this is just a warning message
2022-03-23 22:58:19,783 FATAL [main] TestBase:71 - Hey this is just fatal error message
2022-03-23 22:58:19,783 DEBUG [main] TestBase:72 - this is debug message
2022-03-23 22:59:11,485  INFO [main] TestBase:40 - ++++++++++++++++++++++++++++++++++++++++ Starting test case execution +++++++++++++++++++++++++++++++++++++++++++++++++++++++++
2022-03-23 22:59:16,253  INFO [main] TestBase:69 - entering application URL
2022-03-23 22:59:16,253  WARN [main] TestBase:70 - Hey this is just a warning message
2022-03-23 22:59:16,254 FATAL [main] TestBase:71 - Hey this is just fatal error message
2022-03-23 22:59:16,254 DEBUG [main] TestBase:72 - this is debug message
2022-03-23 23:05:28,452  INFO [main] TestBase:40 - ++++++++++++++++++++++++++++++++++++++++ Starting test case execution +++++++++++++++++++++++++++++++++++++++++++++++++++++++++
2022-03-23 23:05:33,966  INFO [main] TestBase:69 - entering application URL
2022-03-23 23:05:33,966  WARN [main] TestBase:70 - Hey this is just a warning message
2022-03-23 23:05:33,967 FATAL [main] TestBase:71 - Hey this is just fatal error message
2022-03-23 23:05:33,967 DEBUG [main] TestBase:72 - this is debug message
2022-03-23 23:06:11,135  INFO [main] TestBase:40 - ++++++++++++++++++++++++++++++++++++++++ Starting test case execution +++++++++++++++++++++++++++++++++++++++++++++++++++++++++
2022-03-23 23:06:15,899  INFO [main] TestBase:69 - entering application URL
2022-03-23 23:06:15,899  WARN [main] TestBase:70 - Hey this is just a warning message
2022-03-23 23:06:15,900 FATAL [main] TestBase:71 - Hey this is just fatal error message
2022-03-23 23:06:15,900 DEBUG [main] TestBase:72 - this is debug message
2022-03-23 23:06:44,658  INFO [main] TestBase:40 - ++++++++++++++++++++++++++++++++++++++++ Starting test case execution +++++++++++++++++++++++++++++++++++++++++++++++++++++++++
2022-03-23 23:06:50,343  INFO [main] TestBase:69 - entering application URL
2022-03-23 23:06:50,343  WARN [main] TestBase:70 - Hey this is just a warning message
2022-03-23 23:06:50,343 FATAL [main] TestBase:71 - Hey this is just fatal error message
2022-03-23 23:06:50,343 DEBUG [main] TestBase:72 - this is debug message
2022-03-23 23:47:41,485  INFO [main] TestBase:40 - ++++++++++++++++++++++++++++++++++++++++ Starting test case execution +++++++++++++++++++++++++++++++++++++++++++++++++++++++++
2022-03-23 23:47:45,475  INFO [main] TestBase:69 - entering application URL
2022-03-23 23:47:45,475  WARN [main] TestBase:70 - Hey this is just a warning message
2022-03-23 23:47:45,475 FATAL [main] TestBase:71 - Hey this is just fatal error message
2022-03-23 23:47:45,475 DEBUG [main] TestBase:72 - this is debug message
2022-03-23 23:48:10,134  INFO [main] TestBase:40 - ++++++++++++++++++++++++++++++++++++++++ Starting test case execution +++++++++++++++++++++++++++++++++++++++++++++++++++++++++
2022-03-23 23:48:13,183  INFO [main] TestBase:69 - entering application URL
2022-03-23 23:48:13,183  WARN [main] TestBase:70 - Hey this is just a warning message
2022-03-23 23:48:13,184 FATAL [main] TestBase:71 - Hey this is just fatal error message
2022-03-23 23:48:13,184 DEBUG [main] TestBase:72 - this is debug message
2022-03-23 23:48:37,932  INFO [main] TestBase:40 - ++++++++++++++++++++++++++++++++++++++++ Starting test case execution +++++++++++++++++++++++++++++++++++++++++++++++++++++++++
2022-03-23 23:48:41,697  INFO [main] TestBase:69 - entering application URL
2022-03-23 23:48:41,698  WARN [main] TestBase:70 - Hey this is just a warning message
2022-03-23 23:48:41,698 FATAL [main] TestBase:71 - Hey this is just fatal error message
2022-03-23 23:48:41,698 DEBUG [main] TestBase:72 - this is debug message
2022-03-23 23:49:06,742  INFO [main] TestBase:40 - ++++++++++++++++++++++++++++++++++++++++ Starting test case execution +++++++++++++++++++++++++++++++++++++++++++++++++++++++++
2022-03-23 23:49:10,037  INFO [main] TestBase:69 - entering application URL
2022-03-23 23:49:10,037  WARN [main] TestBase:70 - Hey this is just a warning message
2022-03-23 23:49:10,038 FATAL [main] TestBase:71 - Hey this is just fatal error message
2022-03-23 23:49:10,038 DEBUG [main] TestBase:72 - this is debug message
2022-03-23 23:49:37,665  INFO [main] TestBase:40 - ++++++++++++++++++++++++++++++++++++++++ Starting test case execution +++++++++++++++++++++++++++++++++++++++++++++++++++++++++
2022-03-23 23:49:40,586  INFO [main] TestBase:69 - entering application URL
2022-03-23 23:49:40,586  WARN [main] TestBase:70 - Hey this is just a warning message
2022-03-23 23:49:40,586 FATAL [main] TestBase:71 - Hey this is just fatal error message
2022-03-23 23:49:40,586 DEBUG [main] TestBase:72 - this is debug message
2022-03-23 23:49:59,449  INFO [main] TestBase:40 - ++++++++++++++++++++++++++++++++++++++++ Starting test case execution +++++++++++++++++++++++++++++++++++++++++++++++++++++++++
2022-03-23 23:50:02,260  INFO [main] TestBase:69 - entering application URL
2022-03-23 23:50:02,261  WARN [main] TestBase:70 - Hey this is just a warning message
2022-03-23 23:50:02,261 FATAL [main] TestBase:71 - Hey this is just fatal error message
2022-03-23 23:50:02,261 DEBUG [main] TestBase:72 - this is debug message
2022-03-23 23:50:45,954  INFO [main] TestBase:40 - ++++++++++++++++++++++++++++++++++++++++ Starting test case execution +++++++++++++++++++++++++++++++++++++++++++++++++++++++++
2022-03-23 23:50:50,629  INFO [main] TestBase:69 - entering application URL
2022-03-23 23:50:50,630  WARN [main] TestBase:70 - Hey this is just a warning message
2022-03-23 23:50:50,630 FATAL [main] TestBase:71 - Hey this is just fatal error message
2022-03-23 23:50:50,630 DEBUG [main] TestBase:72 - this is debug message
2022-03-23 23:52:03,428  INFO [main] TestBase:40 - ++++++++++++++++++++++++++++++++++++++++ Starting test case execution +++++++++++++++++++++++++++++++++++++++++++++++++++++++++
2022-03-23 23:52:07,442  INFO [main] TestBase:69 - entering application URL
2022-03-23 23:52:07,442  WARN [main] TestBase:70 - Hey this is just a warning message
2022-03-23 23:52:07,443 FATAL [main] TestBase:71 - Hey this is just fatal error message
2022-03-23 23:52:07,443 DEBUG [main] TestBase:72 - this is debug message
2022-03-23 23:52:50,539  INFO [main] TestBase:40 - ++++++++++++++++++++++++++++++++++++++++ Starting test case execution +++++++++++++++++++++++++++++++++++++++++++++++++++++++++
2022-03-23 23:52:55,530  INFO [main] TestBase:69 - entering application URL
2022-03-23 23:52:55,531  WARN [main] TestBase:70 - Hey this is just a warning message
2022-03-23 23:52:55,531 FATAL [main] TestBase:71 - Hey this is just fatal error message
2022-03-23 23:52:55,531 DEBUG [main] TestBase:72 - this is debug message
2022-03-23 23:53:44,619  INFO [main] TestBase:40 - ++++++++++++++++++++++++++++++++++++++++ Starting test case execution +++++++++++++++++++++++++++++++++++++++++++++++++++++++++
2022-03-23 23:53:48,574  INFO [main] TestBase:69 - entering application URL
2022-03-23 23:53:48,575  WARN [main] TestBase:70 - Hey this is just a warning message
2022-03-23 23:53:48,575 FATAL [main] TestBase:71 - Hey this is just fatal error message
2022-03-23 23:53:48,575 DEBUG [main] TestBase:72 - this is debug message
2022-03-23 23:54:12,368  INFO [main] TestBase:40 - ++++++++++++++++++++++++++++++++++++++++ Starting test case execution +++++++++++++++++++++++++++++++++++++++++++++++++++++++++
2022-03-23 23:54:21,447  INFO [main] TestBase:69 - entering application URL
2022-03-23 23:54:21,447  WARN [main] TestBase:70 - Hey this is just a warning message
2022-03-23 23:54:21,447 FATAL [main] TestBase:71 - Hey this is just fatal error message
2022-03-23 23:54:21,447 DEBUG [main] TestBase:72 - this is debug message
2022-03-23 23:54:46,828  INFO [main] TestBase:40 - ++++++++++++++++++++++++++++++++++++++++ Starting test case execution +++++++++++++++++++++++++++++++++++++++++++++++++++++++++
2022-03-23 23:54:51,000  INFO [main] TestBase:69 - entering application URL
2022-03-23 23:54:51,000  WARN [main] TestBase:70 - Hey this is just a warning message
2022-03-23 23:54:51,000 FATAL [main] TestBase:71 - Hey this is just fatal error message
2022-03-23 23:54:51,000 DEBUG [main] TestBase:72 - this is debug message
2022-03-23 23:55:16,237  INFO [main] TestBase:40 - ++++++++++++++++++++++++++++++++++++++++ Starting test case execution +++++++++++++++++++++++++++++++++++++++++++++++++++++++++
2022-03-23 23:55:19,366  INFO [main] TestBase:69 - entering application URL
2022-03-23 23:55:19,367  WARN [main] TestBase:70 - Hey this is just a warning message
2022-03-23 23:55:19,367 FATAL [main] TestBase:71 - Hey this is just fatal error message
2022-03-23 23:55:19,367 DEBUG [main] TestBase:72 - this is debug message
2022-03-23 23:57:44,176  INFO [main] TestBase:40 - ++++++++++++++++++++++++++++++++++++++++ Starting test case execution +++++++++++++++++++++++++++++++++++++++++++++++++++++++++
2022-03-23 23:57:47,896  INFO [main] TestBase:69 - entering application URL
2022-03-23 23:57:47,896  WARN [main] TestBase:70 - Hey this is just a warning message
2022-03-23 23:57:47,896 FATAL [main] TestBase:71 - Hey this is just fatal error message
2022-03-23 23:57:47,896 DEBUG [main] TestBase:72 - this is debug message
2022-03-23 23:58:32,631  INFO [main] TestBase:40 - ++++++++++++++++++++++++++++++++++++++++ Starting test case execution +++++++++++++++++++++++++++++++++++++++++++++++++++++++++
2022-03-23 23:58:37,419  INFO [main] TestBase:69 - entering application URL
2022-03-23 23:58:37,420  WARN [main] TestBase:70 - Hey this is just a warning message
2022-03-23 23:58:37,420 FATAL [main] TestBase:71 - Hey this is just fatal error message
2022-03-23 23:58:37,420 DEBUG [main] TestBase:72 - this is debug message
2022-03-24 00:07:04,791  INFO [main] TestBase:40 - ++++++++++++++++++++++++++++++++++++++++ Starting test case execution +++++++++++++++++++++++++++++++++++++++++++++++++++++++++
2022-03-24 00:07:08,929  INFO [main] TestBase:69 - entering application URL
2022-03-24 00:07:08,929  WARN [main] TestBase:70 - Hey this is just a warning message
2022-03-24 00:07:08,930 FATAL [main] TestBase:71 - Hey this is just fatal error message
2022-03-24 00:07:08,930 DEBUG [main] TestBase:72 - this is debug message
2022-03-24 00:07:30,301  INFO [main] TestBase:40 - ++++++++++++++++++++++++++++++++++++++++ Starting test case execution +++++++++++++++++++++++++++++++++++++++++++++++++++++++++
2022-03-24 00:07:33,470  INFO [main] TestBase:69 - entering application URL
2022-03-24 00:07:33,471  WARN [main] TestBase:70 - Hey this is just a warning message
2022-03-24 00:07:33,471 FATAL [main] TestBase:71 - Hey this is just fatal error message
2022-03-24 00:07:33,471 DEBUG [main] TestBase:72 - this is debug message
2022-03-24 00:07:48,570  INFO [main] TestBase:40 - ++++++++++++++++++++++++++++++++++++++++ Starting test case execution +++++++++++++++++++++++++++++++++++++++++++++++++++++++++
2022-03-24 00:07:51,518  INFO [main] TestBase:69 - entering application URL
2022-03-24 00:07:51,518  WARN [main] TestBase:70 - Hey this is just a warning message
2022-03-24 00:07:51,518 FATAL [main] TestBase:71 - Hey this is just fatal error message
2022-03-24 00:07:51,518 DEBUG [main] TestBase:72 - this is debug message
2022-03-24 00:08:08,435  INFO [main] TestBase:40 - ++++++++++++++++++++++++++++++++++++++++ Starting test case execution +++++++++++++++++++++++++++++++++++++++++++++++++++++++++
2022-03-24 00:08:11,400  INFO [main] TestBase:69 - entering application URL
2022-03-24 00:08:11,400  WARN [main] TestBase:70 - Hey this is just a warning message
2022-03-24 00:08:11,400 FATAL [main] TestBase:71 - Hey this is just fatal error message
2022-03-24 00:08:11,401 DEBUG [main] TestBase:72 - this is debug message
2022-03-24 00:20:50,158  INFO [main] TestBase:40 - ++++++++++++++++++++++++++++++++++++++++ Starting test case execution +++++++++++++++++++++++++++++++++++++++++++++++++++++++++
2022-03-24 00:20:54,568  INFO [main] TestBase:69 - entering application URL
2022-03-24 00:20:54,569  WARN [main] TestBase:70 - Hey this is just a warning message
2022-03-24 00:20:54,570 FATAL [main] TestBase:71 - Hey this is just fatal error message
2022-03-24 00:20:54,570 DEBUG [main] TestBase:72 - this is debug message
2022-03-24 00:21:13,374  INFO [main] TestBase:40 - ++++++++++++++++++++++++++++++++++++++++ Starting test case execution +++++++++++++++++++++++++++++++++++++++++++++++++++++++++
2022-03-24 00:21:15,249  INFO [main] TestBase:69 - entering application URL
2022-03-24 00:21:15,249  WARN [main] TestBase:70 - Hey this is just a warning message
2022-03-24 00:21:15,250 FATAL [main] TestBase:71 - Hey this is just fatal error message
2022-03-24 00:21:15,250 DEBUG [main] TestBase:72 - this is debug message
2022-03-24 00:26:15,599  INFO [main] TestBase:40 - ++++++++++++++++++++++++++++++++++++++++ Starting test case execution +++++++++++++++++++++++++++++++++++++++++++++++++++++++++
2022-03-24 00:26:19,101  INFO [main] TestBase:69 - entering application URL
2022-03-24 00:26:19,101  WARN [main] TestBase:70 - Hey this is just a warning message
2022-03-24 00:26:19,102 FATAL [main] TestBase:71 - Hey this is just fatal error message
2022-03-24 00:26:19,102 DEBUG [main] TestBase:72 - this is debug message
2022-03-24 00:27:48,718  INFO [main] TestBase:40 - ++++++++++++++++++++++++++++++++++++++++ Starting test case execution +++++++++++++++++++++++++++++++++++++++++++++++++++++++++
2022-03-24 00:27:52,203  INFO [main] TestBase:69 - entering application URL
2022-03-24 00:27:52,203  WARN [main] TestBase:70 - Hey this is just a warning message
2022-03-24 00:27:52,203 FATAL [main] TestBase:71 - Hey this is just fatal error message
2022-03-24 00:27:52,203 DEBUG [main] TestBase:72 - this is debug message
2022-03-24 00:28:05,636  INFO [main] TestBase:40 - ++++++++++++++++++++++++++++++++++++++++ Starting test case execution +++++++++++++++++++++++++++++++++++++++++++++++++++++++++
2022-03-24 00:28:15,104  INFO [main] TestBase:69 - entering application URL
2022-03-24 00:28:15,105  WARN [main] TestBase:70 - Hey this is just a warning message
2022-03-24 00:28:15,105 FATAL [main] TestBase:71 - Hey this is just fatal error message
2022-03-24 00:28:15,105 DEBUG [main] TestBase:72 - this is debug message
2022-03-24 00:28:48,189  INFO [main] TestBase:40 - ++++++++++++++++++++++++++++++++++++++++ Starting test case execution +++++++++++++++++++++++++++++++++++++++++++++++++++++++++
2022-03-24 00:28:52,039  INFO [main] TestBase:69 - entering application URL
2022-03-24 00:28:52,039  WARN [main] TestBase:70 - Hey this is just a warning message
2022-03-24 00:28:52,039 FATAL [main] TestBase:71 - Hey this is just fatal error message
2022-03-24 00:28:52,039 DEBUG [main] TestBase:72 - this is debug message
2022-03-24 00:30:21,072  INFO [main] TestBase:40 - ++++++++++++++++++++++++++++++++++++++++ Starting test case execution +++++++++++++++++++++++++++++++++++++++++++++++++++++++++
2022-03-24 00:30:24,885  INFO [main] TestBase:69 - entering application URL
2022-03-24 00:30:24,885  WARN [main] TestBase:70 - Hey this is just a warning message
2022-03-24 00:30:24,886 FATAL [main] TestBase:71 - Hey this is just fatal error message
2022-03-24 00:30:24,886 DEBUG [main] TestBase:72 - this is debug message
2022-03-24 00:30:40,269  INFO [main] TestBase:40 - ++++++++++++++++++++++++++++++++++++++++ Starting test case execution +++++++++++++++++++++++++++++++++++++++++++++++++++++++++
2022-03-24 00:30:43,253  INFO [main] TestBase:69 - entering application URL
2022-03-24 00:30:43,253  WARN [main] TestBase:70 - Hey this is just a warning message
2022-03-24 00:30:43,253 FATAL [main] TestBase:71 - Hey this is just fatal error message
2022-03-24 00:30:43,253 DEBUG [main] TestBase:72 - this is debug message
2022-03-24 00:30:59,368  INFO [main] TestBase:40 - ++++++++++++++++++++++++++++++++++++++++ Starting test case execution +++++++++++++++++++++++++++++++++++++++++++++++++++++++++
2022-03-24 00:31:02,353  INFO [main] TestBase:69 - entering application URL
2022-03-24 00:31:02,353  WARN [main] TestBase:70 - Hey this is just a warning message
2022-03-24 00:31:02,353 FATAL [main] TestBase:71 - Hey this is just fatal error message
2022-03-24 00:31:02,353 DEBUG [main] TestBase:72 - this is debug message
2022-03-24 00:31:18,046  INFO [main] TestBase:40 - ++++++++++++++++++++++++++++++++++++++++ Starting test case execution +++++++++++++++++++++++++++++++++++++++++++++++++++++++++
2022-03-24 00:31:21,441  INFO [main] TestBase:69 - entering application URL
2022-03-24 00:31:21,441  WARN [main] TestBase:70 - Hey this is just a warning message
2022-03-24 00:31:21,441 FATAL [main] TestBase:71 - Hey this is just fatal error message
2022-03-24 00:31:21,441 DEBUG [main] TestBase:72 - this is debug message
